TN:
SF:src\App.tsx
FN:42,(anonymous_0)
FN:43,(anonymous_1)
FN:44,(anonymous_2)
FN:45,(anonymous_3)
FN:46,(anonymous_4)
FN:47,(anonymous_5)
FN:49,(anonymous_6)
FN:108,(anonymous_7)
FN:119,(anonymous_8)
FN:128,(anonymous_9)
FN:139,(anonymous_10)
FN:140,(anonymous_11)
FN:144,(anonymous_12)
FN:150,(anonymous_13)
FN:164,(anonymous_14)
FN:226,(anonymous_15)
FN:235,(anonymous_16)
FN:257,(anonymous_17)
FN:258,(anonymous_18)
FN:282,(anonymous_19)
FN:285,(anonymous_20)
FN:297,(anonymous_21)
FN:299,(anonymous_22)
FNF:23
FNH:0
FNDA:0,(anonymous_0)
FNDA:0,(anonymous_1)
FNDA:0,(anonymous_2)
FNDA:0,(anonymous_3)
FNDA:0,(anonymous_4)
FNDA:0,(anonymous_5)
FNDA:0,(anonymous_6)
FNDA:0,(anonymous_7)
FNDA:0,(anonymous_8)
FNDA:0,(anonymous_9)
FNDA:0,(anonymous_10)
FNDA:0,(anonymous_11)
FNDA:0,(anonymous_12)
FNDA:0,(anonymous_13)
FNDA:0,(anonymous_14)
FNDA:0,(anonymous_15)
FNDA:0,(anonymous_16)
FNDA:0,(anonymous_17)
FNDA:0,(anonymous_18)
FNDA:0,(anonymous_19)
FNDA:0,(anonymous_20)
FNDA:0,(anonymous_21)
FNDA:0,(anonymous_22)
DA:34,0
DA:42,0
DA:43,0
DA:44,0
DA:45,0
DA:46,0
DA:47,0
DA:49,0
DA:108,0
DA:109,0
DA:110,0
DA:111,0
DA:113,0
DA:114,0
DA:116,0
DA:119,0
DA:120,0
DA:121,0
DA:122,0
DA:123,0
DA:124,0
DA:125,0
DA:128,0
DA:129,0
DA:139,0
DA:140,0
DA:142,0
DA:143,0
DA:144,0
DA:148,0
DA:149,0
DA:150,0
DA:154,0
DA:155,0
DA:156,0
DA:157,0
DA:158,0
DA:163,0
DA:164,0
DA:167,0
DA:226,0
DA:235,0
DA:257,0
DA:261,0
DA:262,0
DA:282,0
DA:283,0
DA:285,0
DA:287,0
DA:290,0
DA:297,0
DA:298,0
DA:299,0
DA:301,0
LF:54
LH:0
BRDA:34,0,0,0
BRDA:34,0,1,0
BRDA:55,1,0,0
BRDA:55,1,1,0
BRDA:56,2,0,0
BRDA:56,2,1,0
BRDA:59,3,0,0
BRDA:59,3,1,0
BRDA:60,4,0,0
BRDA:60,4,1,0
BRDA:95,5,0,0
BRDA:95,5,1,0
BRDA:111,6,0,0
BRDA:111,6,1,0
BRDA:113,7,0,0
BRDA:113,7,1,0
BRDA:142,8,0,0
BRDA:142,8,1,0
BRDA:142,9,0,0
BRDA:142,9,1,0
BRDA:142,9,2,0
BRDA:148,10,0,0
BRDA:148,10,1,0
BRDA:148,11,0,0
BRDA:148,11,1,0
BRDA:148,11,2,0
BRDA:148,11,3,0
BRDA:154,12,0,0
BRDA:154,12,1,0
BRDA:155,13,0,0
BRDA:155,13,1,0
BRDA:157,14,0,0
BRDA:157,14,1,0
BRDA:230,15,0,0
BRDA:230,15,1,0
BRDA:238,16,0,0
BRDA:238,16,1,0
BRDA:239,17,0,0
BRDA:239,17,1,0
BRDA:261,18,0,0
BRDA:261,18,1,0
BRF:41
BRH:0
end_of_record
TN:
SF:src\setupTests.ts
FN:29,(anonymous_0)
FN:32,(anonymous_1)
FN:33,(anonymous_2)
FN:36,(anonymous_3)
FN:39,(anonymous_4)
FN:51,(anonymous_5)
FN:66,(anonymous_6)
FN:78,(anonymous_7)
FN:87,(anonymous_8)
FN:93,(anonymous_9)
FN:97,(anonymous_10)
FN:113,(anonymous_11)
FN:126,(anonymous_12)
FN:142,(anonymous_13)
FN:143,(anonymous_14)
FN:144,(anonymous_15)
FN:145,(anonymous_16)
FN:146,(anonymous_17)
FN:154,(anonymous_18)
FN:155,(anonymous_19)
FN:156,(anonymous_20)
FN:157,(anonymous_21)
FNF:22
FNH:0
FNDA:0,(anonymous_0)
FNDA:0,(anonymous_1)
FNDA:0,(anonymous_2)
FNDA:0,(anonymous_3)
FNDA:0,(anonymous_4)
FNDA:0,(anonymous_5)
FNDA:0,(anonymous_6)
FNDA:0,(anonymous_7)
FNDA:0,(anonymous_8)
FNDA:0,(anonymous_9)
FNDA:0,(anonymous_10)
FNDA:0,(anonymous_11)
FNDA:0,(anonymous_12)
FNDA:0,(anonymous_13)
FNDA:0,(anonymous_14)
FNDA:0,(anonymous_15)
FNDA:0,(anonymous_16)
FNDA:0,(anonymous_17)
FNDA:0,(anonymous_18)
FNDA:0,(anonymous_19)
FNDA:0,(anonymous_20)
FNDA:0,(anonymous_21)
DA:7,0
DA:8,0
DA:10,0
DA:11,0
DA:15,0
DA:26,0
DA:29,0
DA:30,0
DA:31,0
DA:32,0
DA:34,0
DA:37,0
DA:40,0
DA:45,0
DA:46,0
DA:47,0
DA:50,0
DA:51,0
DA:60,0
DA:61,0
DA:64,0
DA:66,0
DA:79,0
DA:80,0
DA:81,0
DA:82,0
DA:83,0
DA:84,0
DA:85,0
DA:87,0
DA:88,0
DA:89,0
DA:94,0
DA:98,0
DA:99,0
DA:103,0
DA:104,0
DA:105,0
DA:106,0
DA:108,0
DA:111,0
DA:113,0
DA:114,0
DA:115,0
DA:121,0
DA:123,0
DA:126,0
DA:127,0
DA:128,0
DA:135,0
DA:137,0
DA:147,0
DA:150,0
DA:159,0
LF:54
LH:0
BRDA:7,0,0,0
BRDA:7,0,1,0
BRDA:10,1,0,0
BRDA:10,1,1,0
BRDA:26,2,0,0
BRDA:26,2,1,0
BRDA:32,3,0,0
BRDA:32,3,1,0
BRDA:50,4,0,0
BRDA:50,4,1,0
BRDA:89,5,0,0
BRDA:89,5,1,0
BRDA:99,6,0,0
BRDA:99,6,1,0
BRDA:115,7,0,0
BRDA:115,7,1,0
BRDA:116,8,0,0
BRDA:116,8,1,0
BRDA:127,9,0,0
BRDA:127,9,1,0
BRDA:128,10,0,0
BRDA:128,10,1,0
BRDA:129,11,0,0
BRDA:129,11,1,0
BRDA:129,11,2,0
BRDA:129,11,3,0
BRDA:129,11,4,0
BRF:27
BRH:0
end_of_record
TN:
SF:src\ai\hooks\useMLModels.ts
FN:4,(anonymous_0)
FN:10,(anonymous_1)
FN:33,(anonymous_2)
FNF:3
FNH:0
FNDA:0,(anonymous_0)
FNDA:0,(anonymous_1)
FNDA:0,(anonymous_2)
DA:4,0
DA:5,0
DA:6,0
DA:7,0
DA:8,0
DA:10,0
DA:11,0
DA:13,0
DA:14,0
DA:16,0
DA:17,0
DA:18,0
DA:20,0
DA:21,0
DA:22,0
DA:24,0
DA:26,0
DA:27,0
DA:29,0
DA:33,0
DA:35,0
DA:38,0
LF:22
LH:0
BRDA:11,0,0,0
BRDA:11,0,1,0
BRDA:11,1,0,0
BRDA:11,1,1,0
BRDA:27,2,0,0
BRDA:27,2,1,0
BRF:6
BRH:0
end_of_record
TN:
SF:src\ai\models\DemandPredictionModel.ts
FN:9,(anonymous_0)
FN:11,(anonymous_1)
FN:40,(anonymous_2)
FN:93,(anonymous_3)
FN:106,(anonymous_4)
FN:126,(anonymous_5)
FN:141,(anonymous_6)
FN:167,(anonymous_7)
FN:172,(anonymous_8)
FN:177,(anonymous_9)
FNF:10
FNH:0
FNDA:0,(anonymous_0)
FNDA:0,(anonymous_1)
FNDA:0,(anonymous_2)
FNDA:0,(anonymous_3)
FNDA:0,(anonymous_4)
FNDA:0,(anonymous_5)
FNDA:0,(anonymous_6)
FNDA:0,(anonymous_7)
FNDA:0,(anonymous_8)
FNDA:0,(anonymous_9)
DA:6,0
DA:7,0
DA:12,0
DA:15,0
DA:29,0
DA:36,0
DA:37,0
DA:42,0
DA:43,0
DA:44,0
DA:46,0
DA:47,0
DA:48,0
DA:49,0
DA:50,0
DA:51,0
DA:52,0
DA:53,0
DA:54,0
DA:57,0
DA:60,0
DA:61,0
DA:64,0
DA:67,0
DA:70,0
DA:73,0
DA:74,0
DA:77,0
DA:79,0
DA:80,0
DA:83,0
DA:84,0
DA:87,0
DA:94,0
DA:95,0
DA:102,0
DA:103,0
DA:107,0
DA:108,0
DA:112,0
DA:115,0
DA:116,0
DA:117,0
DA:120,0
DA:121,0
DA:123,0
DA:127,0
DA:129,0
DA:142,0
DA:144,0
DA:145,0
DA:156,0
DA:157,0
DA:164,0
DA:168,0
DA:172,0
DA:178,0
DA:179,0
DA:180,0
DA:181,0
LF:60
LH:0
BRDA:12,0,0,0
BRDA:12,0,1,0
BRDA:49,1,0,0
BRDA:49,1,1,0
BRDA:52,2,0,0
BRDA:52,2,1,0
BRDA:53,3,0,0
BRDA:53,3,1,0
BRDA:53,4,0,0
BRDA:53,4,1,0
BRDA:53,4,2,0
BRDA:53,4,3,0
BRDA:60,5,0,0
BRDA:60,5,1,0
BRDA:61,6,0,0
BRDA:61,6,1,0
BRDA:61,7,0,0
BRDA:61,7,1,0
BRDA:64,8,0,0
BRDA:64,8,1,0
BRDA:70,9,0,0
BRDA:70,9,1,0
BRDA:73,10,0,0
BRDA:73,10,1,0
BRDA:74,11,0,0
BRDA:74,11,1,0
BRDA:94,12,0,0
BRDA:94,12,1,0
BRDA:107,13,0,0
BRDA:107,13,1,0
BRDA:141,14,0,0
BRDA:148,15,0,0
BRDA:148,15,1,0
BRDA:151,16,0,0
BRDA:151,16,1,0
BRDA:152,17,0,0
BRDA:152,17,1,0
BRDA:152,18,0,0
BRDA:152,18,1,0
BRDA:152,18,2,0
BRDA:152,18,3,0
BRDA:153,19,0,0
BRDA:153,19,1,0
BRDA:153,20,0,0
BRDA:153,20,1,0
BRDA:172,21,0,0
BRDA:172,21,1,0
BRDA:178,22,0,0
BRDA:178,22,1,0
BRF:49
BRH:0
end_of_record
TN:
SF:src\ai\models\DynamicPricingModel.ts
FN:10,(anonymous_0)
FN:12,(anonymous_1)
FN:42,(anonymous_2)
FN:106,(anonymous_3)
FN:119,(anonymous_4)
FN:152,(anonymous_5)
FN:170,(anonymous_6)
FN:185,(anonymous_7)
FN:213,(anonymous_8)
FN:226,(anonymous_9)
FN:243,(anonymous_10)
FN:268,(anonymous_11)
FN:273,(anonymous_12)
FN:279,(anonymous_13)
FNF:14
FNH:0
FNDA:0,(anonymous_0)
FNDA:0,(anonymous_1)
FNDA:0,(anonymous_2)
FNDA:0,(anonymous_3)
FNDA:0,(anonymous_4)
FNDA:0,(anonymous_5)
FNDA:0,(anonymous_6)
FNDA:0,(anonymous_7)
FNDA:0,(anonymous_8)
FNDA:0,(anonymous_9)
FNDA:0,(anonymous_10)
FNDA:0,(anonymous_11)
FNDA:0,(anonymous_12)
FNDA:0,(anonymous_13)
DA:6,0
DA:7,0
DA:8,0
DA:13,0
DA:16,0
DA:31,0
DA:38,0
DA:39,0
DA:43,0
DA:44,0
DA:45,0
DA:47,0
DA:48,0
DA:49,0
DA:50,0
DA:51,0
DA:52,0
DA:53,0
DA:54,0
DA:55,0
DA:56,0
DA:57,0
DA:60,0
DA:63,0
DA:64,0
DA:67,0
DA:68,0
DA:71,0
DA:74,0
DA:77,0
DA:80,0
DA:81,0
DA:84,0
DA:87,0
DA:90,0
DA:92,0
DA:93,0
DA:96,0
DA:97,0
DA:100,0
DA:107,0
DA:108,0
DA:115,0
DA:116,0
DA:120,0
DA:121,0
DA:124,0
DA:125,0
DA:128,0
DA:131,0
DA:132,0
DA:133,0
DA:136,0
DA:137,0
DA:139,0
DA:140,0
DA:142,0
DA:153,0
DA:154,0
DA:156,0
DA:171,0
DA:186,0
DA:188,0
DA:189,0
DA:190,0
DA:192,0
DA:193,0
DA:194,0
DA:196,0
DA:197,0
DA:199,0
DA:201,0
DA:203,0
DA:204,0
DA:206,0
DA:207,0
DA:208,0
DA:210,0
DA:214,0
DA:215,0
DA:217,0
DA:228,0
DA:231,0
DA:232,0
DA:236,0
DA:237,0
DA:240,0
DA:244,0
DA:245,0
DA:247,0
DA:248,0
DA:249,0
DA:256,0
DA:257,0
DA:265,0
DA:269,0
DA:273,0
DA:280,0
DA:281,0
DA:282,0
DA:283,0
LF:101
LH:0
BRDA:13,0,0,0
BRDA:13,0,1,0
BRDA:53,1,0,0
BRDA:53,1,1,0
BRDA:54,2,0,0
BRDA:54,2,1,0
BRDA:55,3,0,0
BRDA:55,3,1,0
BRDA:55,4,0,0
BRDA:55,4,1,0
BRDA:55,4,2,0
BRDA:55,4,3,0
BRDA:67,5,0,0
BRDA:67,5,1,0
BRDA:68,6,0,0
BRDA:68,6,1,0
BRDA:68,7,0,0
BRDA:68,7,1,0
BRDA:71,8,0,0
BRDA:71,8,1,0
BRDA:74,9,0,0
BRDA:74,9,1,0
BRDA:77,10,0,0
BRDA:77,10,1,0
BRDA:80,11,0,0
BRDA:80,11,1,0
BRDA:81,12,0,0
BRDA:81,12,1,0
BRDA:107,13,0,0
BRDA:107,13,1,0
BRDA:120,14,0,0
BRDA:120,14,1,0
BRDA:159,15,0,0
BRDA:159,15,1,0
BRDA:160,16,0,0
BRDA:160,16,1,0
BRDA:161,17,0,0
BRDA:161,17,1,0
BRDA:162,18,0,0
BRDA:162,18,1,0
BRDA:163,19,0,0
BRDA:163,19,1,0
BRDA:164,20,0,0
BRDA:164,20,1,0
BRDA:164,21,0,0
BRDA:164,21,1,0
BRDA:164,21,2,0
BRDA:164,21,3,0
BRDA:165,22,0,0
BRDA:165,22,1,0
BRDA:166,23,0,0
BRDA:166,23,1,0
BRDA:188,24,0,0
BRDA:188,24,1,0
BRDA:189,25,0,0
BRDA:189,25,1,0
BRDA:189,26,0,0
BRDA:189,26,1,0
BRDA:192,27,0,0
BRDA:192,27,1,0
BRDA:193,28,0,0
BRDA:193,28,1,0
BRDA:196,29,0,0
BRDA:196,29,1,0
BRDA:199,30,0,0
BRDA:199,30,1,0
BRDA:201,31,0,0
BRDA:201,31,1,0
BRDA:206,32,0,0
BRDA:206,32,1,0
BRDA:207,33,0,0
BRDA:207,33,1,0
BRDA:214,34,0,0
BRDA:214,34,1,0
BRDA:231,35,0,0
BRDA:231,35,1,0
BRDA:231,36,0,0
BRDA:231,36,1,0
BRDA:231,36,2,0
BRDA:231,36,3,0
BRDA:236,37,0,0
BRDA:236,37,1,0
BRDA:236,38,0,0
BRDA:236,38,1,0
BRDA:243,39,0,0
BRDA:243,40,0,0
BRDA:250,41,0,0
BRDA:250,41,1,0
BRDA:250,42,0,0
BRDA:250,42,1,0
BRDA:273,43,0,0
BRDA:273,43,1,0
BRDA:280,44,0,0
BRDA:280,44,1,0
BRF:94
BRH:0
end_of_record
TN:
SF:src\ai\models\RouteOptimizationModel.ts
FN:9,(anonymous_0)
FN:11,(anonymous_1)
FN:40,(anonymous_2)
FN:89,(anonymous_3)
FN:102,(anonymous_4)
FN:124,(anonymous_5)
FN:133,(anonymous_6)
FN:159,(anonymous_7)
FN:165,(anonymous_8)
FN:186,(anonymous_9)
FN:200,(anonymous_10)
FN:207,(anonymous_11)
FN:227,(anonymous_12)
FN:237,(anonymous_13)
FN:239,(anonymous_14)
FN:244,(anonymous_15)
FN:254,(anonymous_16)
FN:259,(anonymous_17)
FN:264,(anonymous_18)
FNF:19
FNH:0
FNDA:0,(anonymous_0)
FNDA:0,(anonymous_1)
FNDA:0,(anonymous_2)
FNDA:0,(anonymous_3)
FNDA:0,(anonymous_4)
FNDA:0,(anonymous_5)
FNDA:0,(anonymous_6)
FNDA:0,(anonymous_7)
FNDA:0,(anonymous_8)
FNDA:0,(anonymous_9)
FNDA:0,(anonymous_10)
FNDA:0,(anonymous_11)
FNDA:0,(anonymous_12)
FNDA:0,(anonymous_13)
FNDA:0,(anonymous_14)
FNDA:0,(anonymous_15)
FNDA:0,(anonymous_16)
FNDA:0,(anonymous_17)
FNDA:0,(anonymous_18)
DA:6,0
DA:7,0
DA:12,0
DA:15,0
DA:29,0
DA:36,0
DA:37,0
DA:41,0
DA:42,0
DA:43,0
DA:45,0
DA:46,0
DA:47,0
DA:48,0
DA:49,0
DA:50,0
DA:51,0
DA:54,0
DA:57,0
DA:60,0
DA:63,0
DA:66,0
DA:69,0
DA:70,0
DA:73,0
DA:75,0
DA:76,0
DA:79,0
DA:80,0
DA:83,0
DA:90,0
DA:91,0
DA:98,0
DA:99,0
DA:103,0
DA:104,0
DA:108,0
DA:111,0
DA:112,0
DA:113,0
DA:114,0
DA:124,0
DA:126,0
DA:134,0
DA:137,0
DA:144,0
DA:145,0
DA:153,0
DA:156,0
DA:160,0
DA:161,0
DA:162,0
DA:165,0
DA:167,0
DA:176,0
DA:177,0
DA:178,0
DA:180,0
DA:181,0
DA:183,0
DA:187,0
DA:188,0
DA:189,0
DA:190,0
DA:194,0
DA:195,0
DA:197,0
DA:202,0
DA:203,0
DA:204,0
DA:208,0
DA:209,0
DA:211,0
DA:212,0
DA:214,0
DA:215,0
DA:217,0
DA:220,0
DA:224,0
DA:228,0
DA:229,0
DA:230,0
DA:231,0
DA:233,0
DA:234,0
DA:239,0
DA:240,0
DA:241,0
DA:245,0
DA:246,0
DA:248,0
DA:249,0
DA:250,0
DA:251,0
DA:255,0
DA:259,0
DA:265,0
DA:266,0
DA:267,0
DA:268,0
LF:100
LH:0
BRDA:12,0,0,0
BRDA:12,0,1,0
BRDA:51,1,0,0
BRDA:51,1,1,0
BRDA:51,2,0,0
BRDA:51,2,1,0
BRDA:51,2,2,0
BRDA:51,2,3,0
BRDA:69,3,0,0
BRDA:69,3,1,0
BRDA:69,4,0,0
BRDA:69,4,1,0
BRDA:70,5,0,0
BRDA:70,5,1,0
BRDA:70,6,0,0
BRDA:70,6,1,0
BRDA:90,7,0,0
BRDA:90,7,1,0
BRDA:102,8,0,0
BRDA:103,9,0,0
BRDA:103,9,1,0
BRDA:173,10,0,0
BRDA:173,10,1,0
BRDA:173,11,0,0
BRDA:173,11,1,0
BRDA:173,11,2,0
BRDA:173,11,3,0
BRDA:194,12,0,0
BRDA:194,12,1,0
BRDA:195,13,0,0
BRDA:195,13,1,0
BRDA:212,14,0,0
BRDA:212,14,1,0
BRDA:214,15,0,0
BRDA:214,15,1,0
BRDA:215,16,0,0
BRDA:215,16,1,0
BRDA:217,17,0,0
BRDA:217,17,1,0
BRDA:231,18,0,0
BRDA:231,18,1,0
BRDA:231,19,0,0
BRDA:231,19,1,0
BRDA:231,19,2,0
BRDA:231,19,3,0
BRDA:248,20,0,0
BRDA:248,20,1,0
BRDA:249,21,0,0
BRDA:249,21,1,0
BRDA:250,22,0,0
BRDA:250,22,1,0
BRDA:250,23,0,0
BRDA:250,23,1,0
BRDA:250,23,2,0
BRDA:250,23,3,0
BRDA:259,24,0,0
BRDA:259,24,1,0
BRDA:265,25,0,0
BRDA:265,25,1,0
BRF:59
BRH:0
end_of_record
TN:
SF:src\ai\services\MLAIService.ts
FN:28,(anonymous_0)
FN:36,(anonymous_1)
FN:53,(anonymous_2)
FN:67,(anonymous_3)
FN:73,(anonymous_4)
FN:79,(anonymous_5)
FN:117,(anonymous_6)
FN:149,(anonymous_7)
FN:150,(anonymous_8)
FN:151,(anonymous_9)
FN:151,(anonymous_10)
FN:154,(anonymous_11)
FN:160,(anonymous_12)
FN:165,(anonymous_13)
FN:175,(anonymous_14)
FN:180,(anonymous_15)
FN:180,(anonymous_16)
FN:189,(anonymous_17)
FN:195,(anonymous_18)
FN:199,(anonymous_19)
FN:205,(anonymous_20)
FN:216,(anonymous_21)
FNF:22
FNH:0
FNDA:0,(anonymous_0)
FNDA:0,(anonymous_1)
FNDA:0,(anonymous_2)
FNDA:0,(anonymous_3)
FNDA:0,(anonymous_4)
FNDA:0,(anonymous_5)
FNDA:0,(anonymous_6)
FNDA:0,(anonymous_7)
FNDA:0,(anonymous_8)
FNDA:0,(anonymous_9)
FNDA:0,(anonymous_10)
FNDA:0,(anonymous_11)
FNDA:0,(anonymous_12)
FNDA:0,(anonymous_13)
FNDA:0,(anonymous_14)
FNDA:0,(anonymous_15)
FNDA:0,(anonymous_16)
FNDA:0,(anonymous_17)
FNDA:0,(anonymous_18)
FNDA:0,(anonymous_19)
FNDA:0,(anonymous_20)
FNDA:0,(anonymous_21)
DA:19,0
DA:28,0
DA:31,0
DA:32,0
DA:33,0
DA:34,0
DA:37,0
DA:38,0
DA:39,0
DA:40,0
DA:45,0
DA:46,0
DA:48,0
DA:49,0
DA:54,0
DA:55,0
DA:56,0
DA:68,0
DA:69,0
DA:70,0
DA:74,0
DA:75,0
DA:76,0
DA:80,0
DA:82,0
DA:89,0
DA:94,0
DA:95,0
DA:97,0
DA:118,0
DA:120,0
DA:126,0
DA:132,0
DA:150,0
DA:151,0
DA:155,0
DA:156,0
DA:157,0
DA:158,0
DA:159,0
DA:160,0
DA:161,0
DA:162,0
DA:166,0
DA:167,0
DA:168,0
DA:169,0
DA:170,0
DA:171,0
DA:172,0
DA:180,0
DA:181,0
DA:190,0
DA:191,0
DA:192,0
DA:196,0
DA:197,0
DA:198,0
DA:199,0
DA:200,0
DA:201,0
DA:202,0
DA:206,0
DA:217,0
DA:218,0
DA:219,0
DA:220,0
LF:67
LH:0
BRDA:37,0,0,0
BRDA:37,0,1,0
BRDA:53,1,0,0
BRDA:54,2,0,0
BRDA:54,2,1,0
BRDA:58,3,0,0
BRDA:58,3,1,0
BRDA:67,4,0,0
BRDA:68,5,0,0
BRDA:68,5,1,0
BRDA:74,6,0,0
BRDA:74,6,1,0
BRDA:80,7,0,0
BRDA:80,7,1,0
BRDA:83,8,0,0
BRDA:83,8,1,0
BRDA:84,9,0,0
BRDA:84,9,1,0
BRDA:117,10,0,0
BRDA:118,11,0,0
BRDA:118,11,1,0
BRDA:158,12,0,0
BRDA:158,12,1,0
BRDA:159,13,0,0
BRDA:159,13,1,0
BRDA:159,14,0,0
BRDA:159,14,1,0
BRDA:161,15,0,0
BRDA:161,15,1,0
BRDA:167,16,0,0
BRDA:167,16,1,0
BRDA:168,17,0,0
BRDA:168,17,1,0
BRDA:169,18,0,0
BRDA:169,18,1,0
BRDA:171,19,0,0
BRDA:171,19,1,0
BRDA:171,20,0,0
BRDA:171,20,1,0
BRDA:171,20,2,0
BRDA:171,20,3,0
BRDA:198,21,0,0
BRDA:198,21,1,0
BRDA:199,22,0,0
BRDA:199,22,1,0
BRDA:200,23,0,0
BRDA:200,23,1,0
BRF:47
BRH:0
end_of_record
TN:
SF:src\components\Button\index.tsx
FN:4,(anonymous_0)
FN:21,(anonymous_1)
FNF:2
FNH:0
FNDA:0,(anonymous_0)
FNDA:0,(anonymous_1)
DA:4,0
DA:21,0
DA:22,0
LF:3
LH:0
BRDA:4,0,0,0
BRDA:13,1,0,0
BRDA:13,1,1,0
BRF:3
BRH:0
end_of_record
TN:
SF:src\components\Card\index.tsx
FN:4,(anonymous_0)
FN:13,(anonymous_1)
FNF:2
FNH:0
FNDA:0,(anonymous_0)
FNDA:0,(anonymous_1)
DA:4,0
DA:13,0
DA:14,0
LF:3
LH:0
BRDA:16,0,0,0
BRDA:16,0,1,0
BRDA:27,1,0,0
BRDA:27,1,1,0
BRF:4
BRH:0
end_of_record
TN:
SF:src\components\ErrorBoundary\index.tsx
FN:7,(anonymous_0)
FN:12,(anonymous_1)
FN:16,(anonymous_2)
FN:21,(anonymous_3)
FN:26,(anonymous_4)
FNF:5
FNH:0
FNDA:0,(anonymous_0)
FNDA:0,(anonymous_1)
FNDA:0,(anonymous_2)
FNDA:0,(anonymous_3)
FNDA:0,(anonymous_4)
DA:8,0
DA:9,0
DA:13,0
DA:18,0
DA:21,0
DA:22,0
DA:27,0
DA:28,0
DA:62,0
LF:9
LH:0
BRDA:27,0,0,0
BRDA:27,0,1,0
BRDA:45,1,0,0
BRDA:45,1,1,0
BRF:4
BRH:0
end_of_record
TN:
SF:src\components\Loading\index.tsx
FN:3,(anonymous_0)
FNF:1
FNH:0
FNDA:0,(anonymous_0)
DA:3,0
DA:4,0
LF:2
LH:0
BRDA:3,0,0,0
BRDA:3,1,0,0
BRDA:3,2,0,0
BRDA:18,3,0,0
BRDA:18,3,1,0
BRF:5
BRH:0
end_of_record
TN:
SF:src\components\ai\AICostTracker.tsx
FN:24,(anonymous_0)
FN:35,(anonymous_1)
FN:48,(anonymous_2)
FN:52,(anonymous_3)
FN:60,(anonymous_4)
FN:82,(anonymous_5)
FN:88,(anonymous_6)
FN:93,(anonymous_7)
FN:94,(anonymous_8)
FN:99,(anonymous_9)
FN:106,(anonymous_10)
FN:116,(anonymous_11)
FN:125,(anonymous_12)
FN:159,(anonymous_13)
FN:215,(anonymous_14)
FN:229,(anonymous_15)
FN:230,(anonymous_16)
FN:233,(anonymous_17)
FNF:18
FNH:0
FNDA:0,(anonymous_0)
FNDA:0,(anonymous_1)
FNDA:0,(anonymous_2)
FNDA:0,(anonymous_3)
FNDA:0,(anonymous_4)
FNDA:0,(anonymous_5)
FNDA:0,(anonymous_6)
FNDA:0,(anonymous_7)
FNDA:0,(anonymous_8)
FNDA:0,(anonymous_9)
FNDA:0,(anonymous_10)
FNDA:0,(anonymous_11)
FNDA:0,(anonymous_12)
FNDA:0,(anonymous_13)
FNDA:0,(anonymous_14)
FNDA:0,(anonymous_15)
FNDA:0,(anonymous_16)
FNDA:0,(anonymous_17)
DA:24,0
DA:35,0
DA:48,0
DA:52,0
DA:60,0
DA:61,0
DA:62,0
DA:63,0
DA:64,0
DA:65,0
DA:77,0
DA:79,0
DA:80,0
DA:82,0
DA:83,0
DA:84,0
DA:85,0
DA:88,0
DA:89,0
DA:90,0
DA:93,0
DA:94,0
DA:95,0
DA:96,0
DA:99,0
DA:100,0
DA:101,0
DA:102,0
DA:106,0
DA:108,0
DA:109,0
DA:110,0
DA:111,0
DA:112,0
DA:113,0
DA:114,0
DA:116,0
DA:117,0
DA:118,0
DA:119,0
DA:120,0
DA:121,0
DA:122,0
DA:125,0
DA:126,0
DA:127,0
DA:128,0
DA:131,0
DA:132,0
DA:135,0
DA:142,0
DA:159,0
DA:216,0
DA:229,0
DA:231,0
DA:233,0
LF:56
LH:0
BRDA:40,0,0,0
BRDA:40,0,1,0
BRDA:60,1,0,0
BRDA:83,2,0,0
BRDA:83,2,1,0
BRDA:84,3,0,0
BRDA:84,3,1,0
BRDA:89,4,0,0
BRDA:89,4,1,0
BRDA:89,5,0,0
BRDA:89,5,1,0
BRDA:95,6,0,0
BRDA:95,6,1,0
BRDA:101,7,0,0
BRDA:101,7,1,0
BRDA:108,8,0,0
BRDA:108,8,1,0
BRDA:111,9,0,0
BRDA:111,9,1,0
BRDA:117,10,0,0
BRDA:117,10,1,0
BRDA:137,11,0,0
BRDA:137,11,1,0
BRDA:138,12,0,0
BRDA:138,12,1,0
BRDA:139,13,0,0
BRDA:139,13,1,0
BRDA:161,14,0,0
BRDA:161,14,1,0
BRDA:168,15,0,0
BRDA:168,15,1,0
BRDA:174,16,0,0
BRDA:174,16,1,0
BRDA:197,17,0,0
BRDA:197,17,1,0
BRDA:221,18,0,0
BRDA:221,18,1,0
BRF:37
BRH:0
end_of_record
TN:
SF:src\components\ai\AIFeatureSkeleton.tsx
FN:6,(anonymous_0)
FN:11,(anonymous_1)
FNF:2
FNH:0
FNDA:0,(anonymous_0)
FNDA:0,(anonymous_1)
DA:6,0
DA:11,0
DA:12,0
DA:13,0
DA:25,0
LF:5
LH:0
BRDA:11,0,0,0
BRDA:12,1,0,0
BRDA:12,1,1,0
BRF:3
BRH:0
end_of_record
TN:
SF:src\components\ai\AIFeaturesDemo.tsx
FN:36,(anonymous_0)
FN:42,(anonymous_1)
FN:45,(anonymous_2)
FN:96,(anonymous_3)
FN:104,(anonymous_4)
FN:134,(anonymous_5)
FN:152,(anonymous_6)
FN:176,(anonymous_7)
FN:215,(anonymous_8)
FN:263,(anonymous_9)
FN:292,(anonymous_10)
FN:308,(anonymous_11)
FN:370,(anonymous_12)
FN:396,(anonymous_13)
FN:406,(anonymous_14)
FN:428,(anonymous_15)
FN:454,(anonymous_16)
FN:501,(anonymous_17)
FN:514,(anonymous_18)
FNF:19
FNH:0
FNDA:0,(anonymous_0)
FNDA:0,(anonymous_1)
FNDA:0,(anonymous_2)
FNDA:0,(anonymous_3)
FNDA:0,(anonymous_4)
FNDA:0,(anonymous_5)
FNDA:0,(anonymous_6)
FNDA:0,(anonymous_7)
FNDA:0,(anonymous_8)
FNDA:0,(anonymous_9)
FNDA:0,(anonymous_10)
FNDA:0,(anonymous_11)
FNDA:0,(anonymous_12)
FNDA:0,(anonymous_13)
FNDA:0,(anonymous_14)
FNDA:0,(anonymous_15)
FNDA:0,(anonymous_16)
FNDA:0,(anonymous_17)
FNDA:0,(anonymous_18)
DA:36,0
DA:37,0
DA:38,0
DA:41,0
DA:42,0
DA:45,0
DA:46,0
DA:73,0
DA:79,0
DA:83,0
DA:92,0
DA:96,0
DA:101,0
DA:102,0
DA:104,0
DA:105,0
DA:106,0
DA:107,0
DA:109,0
DA:114,0
DA:115,0
DA:117,0
DA:122,0
DA:130,0
DA:134,0
DA:139,0
DA:148,0
DA:152,0
DA:156,0
DA:176,0
DA:216,0
DA:263,0
DA:293,0
DA:309,0
DA:371,0
DA:396,0
DA:407,0
DA:429,0
DA:454,0
DA:502,0
DA:515,0
LF:41
LH:0
BRDA:185,0,0,0
BRDA:185,0,1,0
BRDA:199,1,0,0
BRDA:199,1,1,0
BRDA:204,2,0,0
BRDA:204,2,1,0
BRDA:210,3,0,0
BRDA:210,3,1,0
BRDA:225,4,0,0
BRDA:225,4,1,0
BRDA:242,5,0,0
BRDA:242,5,1,0
BRDA:251,6,0,0
BRDA:251,6,1,0
BRDA:265,7,0,0
BRDA:265,7,1,0
BRDA:270,8,0,0
BRDA:270,8,1,0
BRDA:292,9,0,0
BRDA:292,9,1,0
BRDA:294,10,0,0
BRDA:294,10,1,0
BRDA:303,11,0,0
BRDA:303,11,1,0
BRDA:316,12,0,0
BRDA:316,12,1,0
BRDA:325,13,0,0
BRDA:325,13,1,0
BRDA:339,14,0,0
BRDA:339,14,1,0
BRDA:344,15,0,0
BRDA:344,15,1,0
BRDA:350,16,0,0
BRDA:350,16,1,0
BRDA:384,17,0,0
BRDA:384,17,1,0
BRDA:398,18,0,0
BRDA:398,18,1,0
BRDA:403,19,0,0
BRDA:403,19,1,0
BRDA:416,20,0,0
BRDA:416,20,1,0
BRDA:423,21,0,0
BRDA:423,21,1,0
BRDA:442,22,0,0
BRDA:442,22,1,0
BRDA:456,23,0,0
BRDA:456,23,1,0
BRDA:461,24,0,0
BRDA:461,24,1,0
BRDA:496,25,0,0
BRDA:496,25,1,0
BRDA:509,26,0,0
BRDA:509,26,1,0
BRF:54
BRH:0
end_of_record
TN:
SF:src\components\ai\ChatBot.backup.jsx
FN:6,(anonymous_0)
FN:22,(anonymous_1)
FN:26,(anonymous_2)
FN:30,(anonymous_3)
FN:40,(anonymous_4)
FN:59,(anonymous_5)
FN:68,(anonymous_6)
FN:74,(anonymous_7)
FN:78,(anonymous_8)
FN:190,(anonymous_9)
FN:193,(anonymous_10)
FN:215,(anonymous_11)
FN:292,(anonymous_12)
FN:297,(anonymous_13)
FN:309,(anonymous_14)
FN:312,(anonymous_15)
FN:415,(anonymous_16)
FN:430,(anonymous_17)
FN:434,(anonymous_18)
FN:459,(anonymous_19)
FN:464,(anonymous_20)
FN:479,(anonymous_21)
FN:484,(anonymous_22)
FN:485,(anonymous_23)
FN:488,(anonymous_24)
FN:494,(anonymous_25)
FN:495,(anonymous_26)
FNF:27
FNH:0
FNDA:0,(anonymous_0)
FNDA:0,(anonymous_1)
FNDA:0,(anonymous_2)
FNDA:0,(anonymous_3)
FNDA:0,(anonymous_4)
FNDA:0,(anonymous_5)
FNDA:0,(anonymous_6)
FNDA:0,(anonymous_7)
FNDA:0,(anonymous_8)
FNDA:0,(anonymous_9)
FNDA:0,(anonymous_10)
FNDA:0,(anonymous_11)
FNDA:0,(anonymous_12)
FNDA:0,(anonymous_13)
FNDA:0,(anonymous_14)
FNDA:0,(anonymous_15)
FNDA:0,(anonymous_16)
FNDA:0,(anonymous_17)
FNDA:0,(anonymous_18)
FNDA:0,(anonymous_19)
FNDA:0,(anonymous_20)
FNDA:0,(anonymous_21)
FNDA:0,(anonymous_22)
FNDA:0,(anonymous_23)
FNDA:0,(anonymous_24)
FNDA:0,(anonymous_25)
FNDA:0,(anonymous_26)
DA:6,0
DA:7,0
DA:8,0
DA:9,0
DA:18,0
DA:19,0
DA:20,0
DA:22,0
DA:23,0
DA:26,0
DA:27,0
DA:30,0
DA:31,0
DA:33,0
DA:40,0
DA:41,0
DA:42,0
DA:44,0
DA:45,0
DA:50,0
DA:59,0
DA:61,0
DA:68,0
DA:70,0
DA:74,0
DA:75,0
DA:78,0
DA:79,0
DA:80,0
DA:81,0
DA:85,0
DA:87,0
DA:191,0
DA:194,0
DA:216,0
DA:293,0
DA:297,0
DA:310,0
DA:313,0
DA:415,0
DA:431,0
DA:432,0
DA:435,0
DA:436,0
DA:460,0
DA:461,0
DA:465,0
DA:479,0
DA:480,0
DA:481,0
DA:484,0
DA:485,0
DA:486,0
DA:488,0
DA:491,0
DA:494,0
DA:495,0
LF:57
LH:0
BRDA:31,0,0,0
BRDA:31,0,1,0
BRDA:31,1,0,0
BRDA:31,1,1,0
BRDA:79,2,0,0
BRDA:79,2,1,0
BRDA:79,3,0,0
BRDA:79,3,1,0
BRDA:85,4,0,0
BRDA:85,4,1,0
BRDA:100,5,0,0
BRDA:100,5,1,0
BRDA:101,6,0,0
BRDA:101,6,1,0
BRDA:102,7,0,0
BRDA:102,7,1,0
BRDA:103,8,0,0
BRDA:103,8,1,0
BRDA:104,9,0,0
BRDA:104,9,1,0
BRDA:105,10,0,0
BRDA:105,10,1,0
BRDA:106,11,0,0
BRDA:106,11,1,0
BRDA:108,12,0,0
BRDA:108,12,1,0
BRDA:110,13,0,0
BRDA:110,13,1,0
BRDA:112,14,0,0
BRDA:112,14,1,0
BRDA:223,15,0,0
BRDA:223,15,1,0
BRDA:227,16,0,0
BRDA:227,16,1,0
BRDA:254,17,0,0
BRDA:254,17,1,0
BRDA:273,18,0,0
BRDA:273,18,1,0
BRDA:290,19,0,0
BRDA:290,19,1,0
BRDA:325,20,0,0
BRDA:325,20,1,0
BRDA:444,21,0,0
BRDA:444,21,1,0
BRDA:451,22,0,0
BRDA:451,22,1,0
BRDA:451,23,0,0
BRDA:451,23,1,0
BRDA:452,24,0,0
BRDA:452,24,1,0
BRDA:452,25,0,0
BRDA:452,25,1,0
BRDA:460,26,0,0
BRDA:460,26,1,0
BRDA:460,27,0,0
BRDA:460,27,1,0
BRDA:510,28,0,0
BRDA:510,28,1,0
BRDA:529,29,0,0
BRDA:529,29,1,0
BRDA:543,30,0,0
BRDA:543,30,1,0
BRF:62
BRH:0
end_of_record
TN:
SF:src\components\ai\ChatBot.tsx
FN:15,(anonymous_0)
FN:34,(anonymous_1)
FN:38,(anonymous_2)
FN:43,(anonymous_3)
FN:45,(anonymous_4)
FN:50,(anonymous_5)
FN:56,(anonymous_6)
FN:110,(anonymous_7)
FN:115,(anonymous_8)
FN:122,(anonymous_9)
FN:165,(anonymous_10)
FN:231,(anonymous_11)
FN:265,(anonymous_12)
FN:268,(anonymous_13)
FN:291,(anonymous_14)
FN:356,(anonymous_15)
FN:367,(anonymous_16)
FN:368,(anonymous_17)
FN:395,(anonymous_18)
FN:400,(anonymous_19)
FN:412,(anonymous_20)
FN:415,(anonymous_21)
FN:518,(anonymous_22)
FN:538,(anonymous_23)
FN:542,(anonymous_24)
FN:567,(anonymous_25)
FN:572,(anonymous_26)
FN:588,(anonymous_27)
FN:592,(anonymous_28)
FN:593,(anonymous_29)
FN:596,(anonymous_30)
FN:602,(anonymous_31)
FN:603,(anonymous_32)
FNF:33
FNH:5
FNDA:7,(anonymous_0)
FNDA:1,(anonymous_1)
FNDA:1,(anonymous_2)
FNDA:1,(anonymous_3)
FNDA:0,(anonymous_4)
FNDA:1,(anonymous_5)
FNDA:0,(anonymous_6)
FNDA:0,(anonymous_7)
FNDA:0,(anonymous_8)
FNDA:0,(anonymous_9)
FNDA:0,(anonymous_10)
FNDA:0,(anonymous_11)
FNDA:0,(anonymous_12)
FNDA:0,(anonymous_13)
FNDA:0,(anonymous_14)
FNDA:0,(anonymous_15)
FNDA:0,(anonymous_16)
FNDA:0,(anonymous_17)
FNDA:0,(anonymous_18)
FNDA:0,(anonymous_19)
FNDA:0,(anonymous_20)
FNDA:0,(anonymous_21)
FNDA:0,(anonymous_22)
FNDA:0,(anonymous_23)
FNDA:0,(anonymous_24)
FNDA:0,(anonymous_25)
FNDA:0,(anonymous_26)
FNDA:0,(anonymous_27)
FNDA:0,(anonymous_28)
FNDA:0,(anonymous_29)
FNDA:0,(anonymous_30)
FNDA:0,(anonymous_31)
FNDA:0,(anonymous_32)
DA:15,1
DA:16,7
DA:17,7
DA:18,7
DA:19,7
DA:26,7
DA:28,7
DA:29,7
DA:30,7
DA:31,7
DA:34,7
DA:35,1
DA:38,7
DA:39,1
DA:43,7
DA:44,1
DA:45,0
DA:50,7
DA:51,1
DA:52,0
DA:56,7
DA:57,0
DA:59,0
DA:66,0
DA:67,0
DA:68,0
DA:70,0
DA:71,0
DA:75,0
DA:84,0
DA:86,0
DA:88,0
DA:91,0
DA:92,0
DA:94,0
DA:97,0
DA:104,0
DA:106,0
DA:110,7
DA:111,0
DA:112,0
DA:115,7
DA:116,0
DA:117,0
DA:118,0
DA:122,7
DA:123,0
DA:127,7
DA:129,6
DA:131,6
DA:165,0
DA:231,0
DA:266,0
DA:269,0
DA:292,0
DA:356,0
DA:367,0
DA:368,0
DA:396,0
DA:400,0
DA:413,0
DA:416,0
DA:518,0
DA:539,0
DA:540,0
DA:543,0
DA:544,0
DA:568,0
DA:569,0
DA:573,0
DA:588,1
DA:589,0
DA:590,0
DA:592,0
DA:593,0
DA:594,0
DA:596,0
DA:599,0
DA:602,0
DA:603,0
LF:80
LH:26
BRDA:44,0,0,0
BRDA:44,0,1,1
BRDA:44,1,0,1
BRDA:44,1,1,0
BRDA:51,2,0,0
BRDA:51,2,1,1
BRDA:51,3,0,1
BRDA:51,3,1,0
BRDA:57,4,0,0
BRDA:57,4,1,0
BRDA:57,5,0,0
BRDA:57,5,1,0
BRDA:57,5,2,0
BRDA:91,6,0,0
BRDA:91,6,1,0
BRDA:91,7,0,0
BRDA:91,7,1,0
BRDA:116,8,0,0
BRDA:116,8,1,0
BRDA:116,9,0,0
BRDA:116,9,1,0
BRDA:127,10,0,1
BRDA:127,10,1,6
BRDA:129,11,0,6
BRDA:129,11,1,0
BRDA:144,12,0,0
BRDA:144,12,1,6
BRDA:145,13,0,0
BRDA:145,13,1,6
BRDA:146,14,0,0
BRDA:146,14,1,6
BRDA:147,15,0,0
BRDA:147,15,1,6
BRDA:147,16,0,0
BRDA:147,16,1,6
BRDA:148,17,0,0
BRDA:148,17,1,6
BRDA:149,18,0,0
BRDA:149,18,1,6
BRDA:150,19,0,0
BRDA:150,19,1,6
BRDA:152,20,0,0
BRDA:152,20,1,6
BRDA:154,21,0,0
BRDA:154,21,1,6
BRDA:156,22,0,0
BRDA:156,22,1,6
BRDA:164,23,0,6
BRDA:164,23,1,0
BRDA:164,23,2,0
BRDA:228,24,0,6
BRDA:228,24,1,6
BRDA:229,25,0,0
BRDA:229,25,1,6
BRDA:234,26,0,0
BRDA:234,26,1,6
BRDA:299,27,0,0
BRDA:299,27,1,0
BRDA:303,28,0,0
BRDA:303,28,1,0
BRDA:331,29,0,0
BRDA:331,29,1,0
BRDA:352,30,0,0
BRDA:352,30,1,0
BRDA:376,31,0,0
BRDA:376,31,1,0
BRDA:393,32,0,0
BRDA:393,32,1,0
BRDA:428,33,0,6
BRDA:428,33,1,0
BRDA:552,34,0,6
BRDA:552,34,1,0
BRDA:559,35,0,0
BRDA:559,35,1,6
BRDA:559,36,0,6
BRDA:559,36,1,0
BRDA:560,37,0,0
BRDA:560,37,1,6
BRDA:560,38,0,6
BRDA:560,38,1,0
BRDA:568,39,0,0
BRDA:568,39,1,0
BRDA:568,40,0,0
BRDA:568,40,1,0
BRDA:618,41,0,0
BRDA:618,41,1,0
BRDA:628,42,0,0
BRDA:628,42,1,0
BRDA:642,43,0,0
BRDA:642,43,1,0
BRF:90
BRH:29
end_of_record
TN:
SF:src\components\ai\ConversationHistory.tsx
FN:28,(anonymous_0)
FN:40,(anonymous_1)
FN:46,(anonymous_2)
FN:51,(anonymous_3)
FN:58,(anonymous_4)
FN:65,(anonymous_5)
FN:123,(anonymous_6)
FN:127,(anonymous_7)
FN:160,(anonymous_8)
FNF:9
FNH:0
FNDA:0,(anonymous_0)
FNDA:0,(anonymous_1)
FNDA:0,(anonymous_2)
FNDA:0,(anonymous_3)
FNDA:0,(anonymous_4)
FNDA:0,(anonymous_5)
FNDA:0,(anonymous_6)
FNDA:0,(anonymous_7)
FNDA:0,(anonymous_8)
DA:28,0
DA:35,0
DA:37,0
DA:38,0
DA:40,0
DA:41,0
DA:42,0
DA:43,0
DA:46,0
DA:47,0
DA:48,0
DA:51,0
DA:52,0
DA:53,0
DA:55,0
DA:58,0
DA:59,0
DA:60,0
DA:64,0
DA:65,0
DA:68,0
DA:124,0
DA:127,0
DA:160,0
LF:24
LH:0
BRDA:52,0,0,0
BRDA:52,0,1,0
BRDA:113,1,0,0
BRDA:113,1,1,0
BRDA:151,2,0,0
BRDA:151,2,1,0
BRF:6
BRH:0
end_of_record
TN:
SF:src\components\ai\DemandPredictor.tsx
FN:29,(anonymous_0)
FN:35,(anonymous_1)
FN:56,(anonymous_2)
FN:62,(anonymous_3)
FN:76,(anonymous_4)
FN:80,(anonymous_5)
FN:84,(anonymous_6)
FN:106,(anonymous_7)
FN:109,(anonymous_8)
FN:180,(anonymous_9)
FN:213,(anonymous_10)
FN:214,(anonymous_11)
FN:251,(anonymous_12)
FN:253,(anonymous_13)
FN:254,(anonymous_14)
FN:275,(anonymous_15)
FNF:16
FNH:0
FNDA:0,(anonymous_0)
FNDA:0,(anonymous_1)
FNDA:0,(anonymous_2)
FNDA:0,(anonymous_3)
FNDA:0,(anonymous_4)
FNDA:0,(anonymous_5)
FNDA:0,(anonymous_6)
FNDA:0,(anonymous_7)
FNDA:0,(anonymous_8)
FNDA:0,(anonymous_9)
FNDA:0,(anonymous_10)
FNDA:0,(anonymous_11)
FNDA:0,(anonymous_12)
FNDA:0,(anonymous_13)
FNDA:0,(anonymous_14)
FNDA:0,(anonymous_15)
DA:29,0
DA:35,0
DA:45,0
DA:56,0
DA:57,0
DA:58,0
DA:59,0
DA:60,0
DA:62,0
DA:63,0
DA:64,0
DA:66,0
DA:67,0
DA:68,0
DA:70,0
DA:72,0
DA:76,0
DA:77,0
DA:80,0
DA:81,0
DA:84,0
DA:85,0
DA:86,0
DA:87,0
DA:90,0
DA:106,0
DA:110,0
DA:181,0
DA:213,0
DA:214,0
DA:251,0
DA:253,0
DA:254,0
DA:276,0
LF:34
LH:0
BRDA:81,0,0,0
BRDA:81,0,1,0
BRDA:81,1,0,0
BRDA:81,1,1,0
BRDA:85,2,0,0
BRDA:85,2,1,0
BRDA:86,3,0,0
BRDA:86,3,1,0
BRDA:125,4,0,0
BRDA:125,4,1,0
BRDA:131,5,0,0
BRDA:131,5,1,0
BRDA:137,6,0,0
BRDA:137,6,1,0
BRDA:149,7,0,0
BRDA:149,7,1,0
BRDA:215,8,0,0
BRDA:215,8,1,0
BRDA:216,9,0,0
BRDA:216,9,1,0
BRF:20
BRH:0
end_of_record
TN:
SF:src\components\ai\DynamicPricing.tsx
FN:33,(anonymous_0)
FN:48,(anonymous_1)
FN:61,(anonymous_2)
FN:72,(anonymous_3)
FN:86,(anonymous_4)
FN:90,(anonymous_5)
FN:90,(anonymous_6)
FN:97,(anonymous_7)
FN:262,(anonymous_8)
FN:264,(anonymous_9)
FN:268,(anonymous_10)
FN:282,(anonymous_11)
FNF:12
FNH:0
FNDA:0,(anonymous_0)
FNDA:0,(anonymous_1)
FNDA:0,(anonymous_2)
FNDA:0,(anonymous_3)
FNDA:0,(anonymous_4)
FNDA:0,(anonymous_5)
FNDA:0,(anonymous_6)
FNDA:0,(anonymous_7)
FNDA:0,(anonymous_8)
FNDA:0,(anonymous_9)
FNDA:0,(anonymous_10)
FNDA:0,(anonymous_11)
DA:33,0
DA:48,0
DA:59,0
DA:61,0
DA:62,0
DA:68,0
DA:69,0
DA:70,0
DA:72,0
DA:73,0
DA:74,0
DA:76,0
DA:77,0
DA:78,0
DA:80,0
DA:82,0
DA:86,0
DA:87,0
DA:90,0
DA:91,0
DA:97,0
DA:98,0
DA:99,0
DA:100,0
DA:101,0
DA:104,0
DA:111,0
DA:118,0
DA:262,0
DA:265,0
DA:268,0
DA:283,0
LF:32
LH:0
BRDA:34,0,0,0
BRDA:34,0,1,0
BRDA:36,1,0,0
BRDA:36,1,1,0
BRDA:40,2,0,0
BRDA:40,2,1,0
BRDA:41,3,0,0
BRDA:41,3,1,0
BRDA:98,4,0,0
BRDA:98,4,1,0
BRDA:99,5,0,0
BRDA:99,5,1,0
BRDA:100,6,0,0
BRDA:100,6,1,0
BRDA:104,7,0,0
BRDA:104,7,1,0
BRDA:183,8,0,0
BRDA:183,8,1,0
BRDA:189,9,0,0
BRDA:189,9,1,0
BRDA:195,10,0,0
BRDA:195,10,1,0
BRDA:207,11,0,0
BRDA:207,11,1,0
BRDA:219,12,0,0
BRDA:219,12,1,0
BRDA:220,13,0,0
BRDA:220,13,1,0
BRDA:286,14,0,0
BRDA:286,14,1,0
BRF:30
BRH:0
end_of_record
TN:
SF:src\components\ai\EnhancedChatBot.tsx
FN:4,(anonymous_0)
FN:18,(anonymous_1)
FN:21,(anonymous_2)
FNF:3
FNH:0
FNDA:0,(anonymous_0)
FNDA:0,(anonymous_1)
FNDA:0,(anonymous_2)
DA:4,0
DA:5,0
DA:15,0
DA:19,0
DA:22,0
LF:5
LH:0
BRF:0
BRH:0
end_of_record
TN:
SF:src\components\ai\LazyAIComponents.tsx
FN:6,(anonymous_0)
FN:7,(anonymous_1)
FN:8,(anonymous_2)
FN:9,(anonymous_3)
FN:10,(anonymous_4)
FN:11,(anonymous_5)
FN:12,(anonymous_6)
FN:15,(anonymous_7)
FN:21,(anonymous_8)
FN:27,(anonymous_9)
FN:33,(anonymous_10)
FN:39,(anonymous_11)
FN:45,(anonymous_12)
FN:51,(anonymous_13)
FNF:14
FNH:0
FNDA:0,(anonymous_0)
FNDA:0,(anonymous_1)
FNDA:0,(anonymous_2)
FNDA:0,(anonymous_3)
FNDA:0,(anonymous_4)
FNDA:0,(anonymous_5)
FNDA:0,(anonymous_6)
FNDA:0,(anonymous_7)
FNDA:0,(anonymous_8)
FNDA:0,(anonymous_9)
FNDA:0,(anonymous_10)
FNDA:0,(anonymous_11)
FNDA:0,(anonymous_12)
FNDA:0,(anonymous_13)
DA:6,0
DA:7,0
DA:8,0
DA:9,0
DA:10,0
DA:11,0
DA:12,0
DA:15,0
DA:16,0
DA:21,0
DA:22,0
DA:27,0
DA:28,0
DA:33,0
DA:34,0
DA:39,0
DA:40,0
DA:45,0
DA:46,0
DA:51,0
DA:52,0
LF:21
LH:0
BRF:0
BRH:0
end_of_record
TN:
SF:src\components\ai\MarkdownMessage.tsx
FN:14,(anonymous_0)
FN:21,(anonymous_1)
FN:54,(anonymous_2)
FN:70,(anonymous_3)
FN:84,(anonymous_4)
FN:97,(anonymous_5)
FN:111,(anonymous_6)
FN:125,(anonymous_7)
FN:139,(anonymous_8)
FN:154,(anonymous_9)
FN:171,(anonymous_10)
FN:187,(anonymous_11)
FN:203,(anonymous_12)
FNF:13
FNH:0
FNDA:0,(anonymous_0)
FNDA:0,(anonymous_1)
FNDA:0,(anonymous_2)
FNDA:0,(anonymous_3)
FNDA:0,(anonymous_4)
FNDA:0,(anonymous_5)
FNDA:0,(anonymous_6)
FNDA:0,(anonymous_7)
FNDA:0,(anonymous_8)
FNDA:0,(anonymous_9)
FNDA:0,(anonymous_10)
FNDA:0,(anonymous_11)
FNDA:0,(anonymous_12)
DA:14,0
DA:15,0
DA:22,0
DA:23,0
DA:55,0
DA:71,0
DA:85,0
DA:98,0
DA:112,0
DA:126,0
DA:140,0
DA:155,0
DA:172,0
DA:188,0
DA:204,0
LF:15
LH:0
BRDA:14,0,0,0
BRDA:22,1,0,0
BRDA:22,1,1,0
BRDA:23,2,0,0
BRDA:23,2,1,0
BRDA:23,3,0,0
BRDA:23,3,1,0
BRDA:41,4,0,0
BRDA:41,4,1,0
BRDA:61,5,0,0
BRDA:61,5,1,0
BRDA:158,6,0,0
BRDA:158,6,1,0
BRDA:162,7,0,0
BRDA:162,7,1,0
BRDA:193,8,0,0
BRDA:193,8,1,0
BRF:17
BRH:0
end_of_record
TN:
SF:src\components\ai\ModelSelector.tsx
FN:37,(anonymous_0)
FN:57,(anonymous_1)
FN:68,(anonymous_2)
FN:76,(anonymous_3)
FN:89,(anonymous_4)
FN:109,(anonymous_5)
FN:110,(anonymous_6)
FN:133,(anonymous_7)
FN:268,(anonymous_8)
FN:276,(anonymous_9)
FN:284,(anonymous_10)
FN:296,(anonymous_11)
FN:311,(anonymous_12)
FN:321,(anonymous_13)
FNF:14
FNH:0
FNDA:0,(anonymous_0)
FNDA:0,(anonymous_1)
FNDA:0,(anonymous_2)
FNDA:0,(anonymous_3)
FNDA:0,(anonymous_4)
FNDA:0,(anonymous_5)
FNDA:0,(anonymous_6)
FNDA:0,(anonymous_7)
FNDA:0,(anonymous_8)
FNDA:0,(anonymous_9)
FNDA:0,(anonymous_10)
FNDA:0,(anonymous_11)
FNDA:0,(anonymous_12)
FNDA:0,(anonymous_13)
DA:37,0
DA:51,0
DA:53,0
DA:54,0
DA:55,0
DA:57,0
DA:58,0
DA:59,0
DA:60,0
DA:62,0
DA:63,0
DA:64,0
DA:68,0
DA:69,0
DA:70,0
DA:71,0
DA:72,0
DA:76,0
DA:77,0
DA:79,0
DA:81,0
DA:83,0
DA:85,0
DA:89,0
DA:90,0
DA:92,0
DA:94,0
DA:96,0
DA:98,0
DA:102,0
DA:109,0
DA:111,0
DA:112,0
DA:113,0
DA:115,0
DA:133,0
DA:268,0
DA:276,0
DA:284,0
DA:296,0
DA:311,0
DA:321,0
LF:42
LH:0
BRDA:38,0,0,0
BRDA:39,1,0,0
BRDA:58,2,0,0
BRDA:58,2,1,0
BRDA:69,3,0,0
BRDA:69,3,1,0
BRDA:77,4,0,0
BRDA:77,4,1,0
BRDA:77,4,2,0
BRDA:77,4,3,0
BRDA:90,5,0,0
BRDA:90,5,1,0
BRDA:90,5,2,0
BRDA:90,5,3,0
BRDA:124,6,0,0
BRDA:124,6,1,0
BRDA:125,7,0,0
BRDA:125,7,1,0
BRDA:126,8,0,0
BRDA:126,8,1,0
BRDA:149,9,0,0
BRDA:149,9,1,0
BRDA:225,10,0,0
BRDA:225,10,1,0
BRDA:259,11,0,0
BRDA:259,11,1,0
BRDA:298,12,0,0
BRDA:298,12,1,0
BRDA:303,13,0,0
BRDA:303,13,1,0
BRDA:314,14,0,0
BRDA:314,14,1,0
BRF:32
BRH:0
end_of_record
TN:
SF:src\components\ai\PredictiveAnalytics.tsx
FN:51,(anonymous_0)
FN:66,(anonymous_1)
FN:78,(anonymous_2)
FN:84,(anonymous_3)
FN:98,(anonymous_4)
FN:102,(anonymous_5)
FN:106,(anonymous_6)
FN:129,(anonymous_7)
FN:133,(anonymous_8)
FN:240,(anonymous_9)
FN:241,(anonymous_10)
FN:283,(anonymous_11)
FN:285,(anonymous_12)
FN:289,(anonymous_13)
FN:307,(anonymous_14)
FNF:15
FNH:0
FNDA:0,(anonymous_0)
FNDA:0,(anonymous_1)
FNDA:0,(anonymous_2)
FNDA:0,(anonymous_3)
FNDA:0,(anonymous_4)
FNDA:0,(anonymous_5)
FNDA:0,(anonymous_6)
FNDA:0,(anonymous_7)
FNDA:0,(anonymous_8)
FNDA:0,(anonymous_9)
FNDA:0,(anonymous_10)
FNDA:0,(anonymous_11)
FNDA:0,(anonymous_12)
FNDA:0,(anonymous_13)
FNDA:0,(anonymous_14)
DA:51,0
DA:66,0
DA:76,0
DA:78,0
DA:79,0
DA:80,0
DA:81,0
DA:82,0
DA:84,0
DA:85,0
DA:86,0
DA:88,0
DA:89,0
DA:90,0
DA:92,0
DA:94,0
DA:98,0
DA:99,0
DA:102,0
DA:103,0
DA:106,0
DA:107,0
DA:108,0
DA:109,0
DA:112,0
DA:118,0
DA:130,0
DA:133,0
DA:240,0
DA:241,0
DA:283,0
DA:286,0
DA:289,0
DA:308,0
LF:34
LH:0
BRDA:52,0,0,0
BRDA:52,0,1,0
BRDA:54,1,0,0
BRDA:54,1,1,0
BRDA:58,2,0,0
BRDA:58,2,1,0
BRDA:59,3,0,0
BRDA:59,3,1,0
BRDA:103,4,0,0
BRDA:103,4,1,0
BRDA:103,5,0,0
BRDA:103,5,1,0
BRDA:107,6,0,0
BRDA:107,6,1,0
BRDA:108,7,0,0
BRDA:108,7,1,0
BRDA:112,8,0,0
BRDA:112,8,1,0
BRDA:132,9,0,0
BRDA:132,9,1,0
BRDA:132,10,0,0
BRDA:132,10,1,0
BRDA:134,11,0,0
BRDA:134,11,1,0
BRDA:135,12,0,0
BRDA:135,12,1,0
BRDA:145,13,0,0
BRDA:145,13,1,0
BRDA:150,14,0,0
BRDA:150,14,1,0
BRDA:156,15,0,0
BRDA:156,15,1,0
BRDA:168,16,0,0
BRDA:168,16,1,0
BRDA:242,17,0,0
BRDA:242,17,1,0
BRDA:243,18,0,0
BRDA:243,18,1,0
BRDA:317,19,0,0
BRDA:317,19,1,0
BRDA:318,20,0,0
BRDA:318,20,1,0
BRDA:319,21,0,0
BRDA:319,21,1,0
BRF:44
BRH:0
end_of_record
TN:
SF:src\components\ai\RouteOptimizer.tsx
FN:32,(anonymous_0)
FN:44,(anonymous_1)
FN:48,(anonymous_2)
FN:50,(anonymous_3)
FN:54,(anonymous_4)
FN:60,(anonymous_5)
FN:60,(anonymous_6)
FN:67,(anonymous_7)
FN:68,(anonymous_8)
FN:104,(anonymous_9)
FN:110,(anonymous_10)
FN:119,(anonymous_11)
FNF:12
FNH:0
FNDA:0,(anonymous_0)
FNDA:0,(anonymous_1)
FNDA:0,(anonymous_2)
FNDA:0,(anonymous_3)
FNDA:0,(anonymous_4)
FNDA:0,(anonymous_5)
FNDA:0,(anonymous_6)
FNDA:0,(anonymous_7)
FNDA:0,(anonymous_8)
FNDA:0,(anonymous_9)
FNDA:0,(anonymous_10)
FNDA:0,(anonymous_11)
DA:32,0
DA:33,0
DA:34,0
DA:40,0
DA:41,0
DA:42,0
DA:44,0
DA:45,0
DA:48,0
DA:49,0
DA:50,0
DA:54,0
DA:55,0
DA:56,0
DA:57,0
DA:60,0
DA:61,0
DA:67,0
DA:68,0
DA:69,0
DA:70,0
DA:71,0
DA:74,0
DA:75,0
DA:77,0
DA:78,0
DA:79,0
DA:81,0
DA:83,0
DA:87,0
DA:105,0
DA:110,0
DA:119,0
LF:33
LH:0
BRDA:49,0,0,0
BRDA:49,0,1,0
BRDA:69,1,0,0
BRDA:69,1,1,0
BRDA:108,2,0,0
BRDA:108,2,1,0
BRDA:108,3,0,0
BRDA:108,3,1,0
BRDA:115,4,0,0
BRDA:115,4,1,0
BRDA:115,4,2,0
BRDA:115,4,3,0
BRDA:187,5,0,0
BRDA:187,5,1,0
BRDA:190,6,0,0
BRDA:190,6,1,0
BRDA:200,7,0,0
BRDA:200,7,1,0
BRDA:212,8,0,0
BRDA:212,8,1,0
BRF:20
BRH:0
end_of_record
TN:
SF:src\components\ai\SmartMatching.optimized.example.jsx
FN:65,(anonymous_0)
FN:76,(anonymous_1)
FN:83,(anonymous_2)
FN:104,(anonymous_3)
FN:111,(anonymous_4)
FN:116,(anonymous_5)
FN:116,(anonymous_6)
FN:125,(anonymous_7)
FN:228,(anonymous_8)
FNF:9
FNH:0
FNDA:0,(anonymous_0)
FNDA:0,(anonymous_1)
FNDA:0,(anonymous_2)
FNDA:0,(anonymous_3)
FNDA:0,(anonymous_4)
FNDA:0,(anonymous_5)
FNDA:0,(anonymous_6)
FNDA:0,(anonymous_7)
FNDA:0,(anonymous_8)
DA:65,0
DA:76,0
DA:83,0
DA:84,0
DA:91,0
DA:102,0
DA:105,0
DA:106,0
DA:112,0
DA:116,0
DA:117,0
DA:122,0
DA:125,0
DA:126,0
DA:127,0
DA:128,0
DA:131,0
DA:138,0
DA:228,0
LF:19
LH:0
BRDA:66,0,0,0
BRDA:66,0,1,0
BRDA:67,1,0,0
BRDA:67,1,1,0
BRDA:126,2,0,0
BRDA:126,2,1,0
BRDA:127,3,0,0
BRDA:127,3,1,0
BRDA:131,4,0,0
BRDA:131,4,1,0
BRDA:141,5,0,0
BRDA:141,5,1,0
BRDA:180,6,0,0
BRDA:180,6,1,0
BRDA:189,7,0,0
BRDA:189,7,1,0
BRDA:199,8,0,0
BRDA:199,8,1,0
BRDA:215,9,0,0
BRDA:215,9,1,0
BRDA:229,10,0,0
BRDA:229,10,1,0
BRDA:229,10,2,0
BRDA:232,11,0,0
BRDA:232,11,1,0
BRDA:239,12,0,0
BRDA:239,12,1,0
BRDA:249,13,0,0
BRDA:249,13,1,0
BRDA:251,14,0,0
BRDA:251,14,1,0
BRDA:256,15,0,0
BRDA:256,15,1,0
BRDA:256,15,2,0
BRF:34
BRH:0
end_of_record
TN:
SF:src\components\ai\SmartMatching.tsx
FN:38,(anonymous_0)
FN:49,(anonymous_1)
FN:56,(anonymous_2)
FN:70,(anonymous_3)
FN:85,(anonymous_4)
FN:89,(anonymous_5)
FN:89,(anonymous_6)
FN:96,(anonymous_7)
FN:310,(anonymous_8)
FN:356,(anonymous_9)
FN:384,(anonymous_10)
FN:431,(anonymous_11)
FN:435,(anonymous_12)
FNF:13
FNH:0
FNDA:0,(anonymous_0)
FNDA:0,(anonymous_1)
FNDA:0,(anonymous_2)
FNDA:0,(anonymous_3)
FNDA:0,(anonymous_4)
FNDA:0,(anonymous_5)
FNDA:0,(anonymous_6)
FNDA:0,(anonymous_7)
FNDA:0,(anonymous_8)
FNDA:0,(anonymous_9)
FNDA:0,(anonymous_10)
FNDA:0,(anonymous_11)
FNDA:0,(anonymous_12)
DA:38,0
DA:49,0
DA:56,0
DA:57,0
DA:64,0
DA:65,0
DA:66,0
DA:67,0
DA:68,0
DA:70,0
DA:71,0
DA:72,0
DA:74,0
DA:75,0
DA:76,0
DA:77,0
DA:79,0
DA:81,0
DA:85,0
DA:86,0
DA:89,0
DA:90,0
DA:96,0
DA:97,0
DA:98,0
DA:99,0
DA:102,0
DA:110,0
DA:129,0
DA:311,0
DA:357,0
DA:385,0
DA:431,0
DA:435,0
LF:34
LH:0
BRDA:39,0,0,0
BRDA:39,0,1,0
BRDA:40,1,0,0
BRDA:40,1,1,0
BRDA:97,2,0,0
BRDA:97,2,1,0
BRDA:98,3,0,0
BRDA:98,3,1,0
BRDA:102,4,0,0
BRDA:102,4,1,0
BRDA:201,5,0,0
BRDA:201,5,1,0
BRDA:207,6,0,0
BRDA:207,6,1,0
BRDA:213,7,0,0
BRDA:213,7,1,0
BRDA:225,8,0,0
BRDA:225,8,1,0
BRF:18
BRH:0
end_of_record
TN:
SF:src\components\ai\TokenUsageTracker.tsx
FN:17,(anonymous_0)
FN:20,(anonymous_1)
FN:23,(anonymous_2)
FN:85,(anonymous_3)
FN:92,(anonymous_4)
FNF:5
FNH:0
FNDA:0,(anonymous_0)
FNDA:0,(anonymous_1)
FNDA:0,(anonymous_2)
FNDA:0,(anonymous_3)
FNDA:0,(anonymous_4)
DA:17,0
DA:18,0
DA:20,0
DA:22,0
DA:23,0
DA:26,0
DA:27,0
DA:44,0
DA:46,0
DA:86,0
DA:87,0
DA:92,0
LF:12
LH:0
BRDA:17,0,0,0
BRDA:26,1,0,0
BRDA:26,1,1,0
BRDA:79,2,0,0
BRDA:79,2,1,0
BRF:5
BRH:0
end_of_record
TN:
SF:src\components\booking\RideBooking.tsx
FN:38,(anonymous_0)
FN:45,(anonymous_1)
FN:57,(anonymous_2)
FN:99,(anonymous_3)
FN:115,(anonymous_4)
FN:115,(anonymous_5)
FN:120,(anonymous_6)
FN:151,(anonymous_7)
FN:162,(anonymous_8)
FN:165,(anonymous_9)
FN:166,(anonymous_10)
FN:169,(anonymous_11)
FN:173,(anonymous_12)
FN:179,(anonymous_13)
FN:200,(anonymous_14)
FN:203,(anonymous_15)
FN:210,(anonymous_16)
FN:219,(anonymous_17)
FN:296,(anonymous_18)
FN:304,(anonymous_19)
FN:321,(anonymous_20)
FN:477,(anonymous_21)
FN:521,(anonymous_22)
FN:556,(anonymous_23)
FNF:24
FNH:0
FNDA:0,(anonymous_0)
FNDA:0,(anonymous_1)
FNDA:0,(anonymous_2)
FNDA:0,(anonymous_3)
FNDA:0,(anonymous_4)
FNDA:0,(anonymous_5)
FNDA:0,(anonymous_6)
FNDA:0,(anonymous_7)
FNDA:0,(anonymous_8)
FNDA:0,(anonymous_9)
FNDA:0,(anonymous_10)
FNDA:0,(anonymous_11)
FNDA:0,(anonymous_12)
FNDA:0,(anonymous_13)
FNDA:0,(anonymous_14)
FNDA:0,(anonymous_15)
FNDA:0,(anonymous_16)
FNDA:0,(anonymous_17)
FNDA:0,(anonymous_18)
FNDA:0,(anonymous_19)
FNDA:0,(anonymous_20)
FNDA:0,(anonymous_21)
FNDA:0,(anonymous_22)
FNDA:0,(anonymous_23)
DA:38,0
DA:45,0
DA:57,0
DA:64,0
DA:66,0
DA:99,0
DA:100,0
DA:101,0
DA:108,0
DA:109,0
DA:110,0
DA:111,0
DA:112,0
DA:113,0
DA:115,0
DA:116,0
DA:117,0
DA:120,0
DA:121,0
DA:122,0
DA:123,0
DA:125,0
DA:127,0
DA:134,0
DA:137,0
DA:143,0
DA:145,0
DA:147,0
DA:151,0
DA:152,0
DA:153,0
DA:154,0
DA:155,0
DA:158,0
DA:159,0
DA:160,0
DA:162,0
DA:165,0
DA:166,0
DA:169,0
DA:170,0
DA:171,0
DA:173,0
DA:176,0
DA:179,0
DA:180,0
DA:181,0
DA:188,0
DA:189,0
DA:190,0
DA:191,0
DA:194,0
DA:196,0
DA:200,0
DA:201,0
DA:202,0
DA:205,0
DA:211,0
DA:215,0
DA:219,0
DA:220,0
DA:222,0
DA:290,0
DA:297,0
DA:304,0
DA:322,0
DA:364,0
DA:477,0
DA:521,0
DA:544,0
DA:548,0
DA:557,0
LF:72
LH:0
BRDA:48,0,0,0
BRDA:48,0,1,0
BRDA:49,1,0,0
BRDA:49,1,1,0
BRDA:152,2,0,0
BRDA:152,2,1,0
BRDA:153,3,0,0
BRDA:153,3,1,0
BRDA:153,4,0,0
BRDA:153,4,1,0
BRDA:158,5,0,0
BRDA:158,5,1,0
BRDA:158,6,0,0
BRDA:158,6,1,0
BRDA:201,7,0,0
BRDA:201,7,1,0
BRDA:220,8,0,0
BRDA:220,8,1,0
BRDA:220,8,2,0
BRDA:220,8,3,0
BRDA:370,9,0,0
BRDA:370,9,1,0
BRDA:416,10,0,0
BRDA:416,10,1,0
BRDA:420,11,0,0
BRDA:420,11,1,0
BRDA:428,12,0,0
BRDA:428,12,1,0
BRDA:444,13,0,0
BRDA:444,13,1,0
BRDA:462,14,0,0
BRDA:462,14,1,0
BRDA:563,15,0,0
BRDA:563,15,1,0
BRDA:590,16,0,0
BRDA:590,16,1,0
BRDA:604,17,0,0
BRDA:604,17,1,0
BRF:38
BRH:0
end_of_record
TN:
SF:src\components\collaboration\RTCCollaboration.tsx
FN:13,(anonymous_0)
FNF:1
FNH:0
FNDA:0,(anonymous_0)
DA:13,0
DA:14,0
LF:2
LH:0
BRDA:17,0,0,0
BRDA:17,0,1,0
BRDA:17,1,0,0
BRDA:17,1,1,0
BRF:4
BRH:0
end_of_record
TN:
SF:src\components\common\ErrorBoundary.tsx
FN:28,(anonymous_0)
FN:38,(anonymous_1)
FN:43,(anonymous_2)
FN:54,(anonymous_3)
FN:67,(anonymous_4)
FN:81,(anonymous_5)
FN:125,(anonymous_6)
FN:199,(anonymous_7)
FNF:8
FNH:0
FNDA:0,(anonymous_0)
FNDA:0,(anonymous_1)
FNDA:0,(anonymous_2)
FNDA:0,(anonymous_3)
FNDA:0,(anonymous_4)
FNDA:0,(anonymous_5)
FNDA:0,(anonymous_6)
FNDA:0,(anonymous_7)
DA:29,0
DA:30,0
DA:40,0
DA:45,0
DA:47,0
DA:54,0
DA:57,0
DA:67,0
DA:68,0
DA:76,0
DA:77,0
DA:82,0
DA:89,0
DA:91,0
DA:93,0
DA:94,0
DA:106,0
DA:118,0
DA:125,0
DA:133,0
DA:134,0
DA:136,0
DA:199,0
LF:23
LH:0
BRDA:76,0,0,0
BRDA:76,0,1,0
BRDA:86,1,0,0
BRDA:87,2,0,0
BRDA:91,3,0,0
BRDA:91,3,1,0
BRDA:93,4,0,0
BRDA:93,4,1,0
BRDA:129,5,0,0
BRDA:130,6,0,0
BRDA:173,7,0,0
BRDA:173,7,1,0
BRDA:173,7,2,0
BRDA:191,8,0,0
BRDA:191,8,1,0
BRDA:191,8,2,0
BRDA:191,8,3,0
BRDA:202,9,0,0
BRDA:202,9,1,0
BRDA:207,10,0,0
BRDA:207,10,1,0
BRF:21
BRH:0
end_of_record
TN:
SF:src\components\common\ImageUpload.tsx
FN:26,(anonymous_0)
FN:46,(anonymous_1)
FN:61,(anonymous_2)
FN:62,(anonymous_3)
FN:65,(anonymous_4)
FN:66,(anonymous_5)
FN:71,(anonymous_6)
FN:101,(anonymous_7)
FN:109,(anonymous_8)
FN:115,(anonymous_9)
FN:129,(anonymous_10)
FN:137,(anonymous_11)
FN:151,(anonymous_12)
FN:206,(anonymous_13)
FN:237,(anonymous_14)
FN:249,(anonymous_15)
FN:326,(anonymous_16)
FN:333,(anonymous_17)
FN:352,(anonymous_18)
FNF:19
FNH:0
FNDA:0,(anonymous_0)
FNDA:0,(anonymous_1)
FNDA:0,(anonymous_2)
FNDA:0,(anonymous_3)
FNDA:0,(anonymous_4)
FNDA:0,(anonymous_5)
FNDA:0,(anonymous_6)
FNDA:0,(anonymous_7)
FNDA:0,(anonymous_8)
FNDA:0,(anonymous_9)
FNDA:0,(anonymous_10)
FNDA:0,(anonymous_11)
FNDA:0,(anonymous_12)
FNDA:0,(anonymous_13)
FNDA:0,(anonymous_14)
FNDA:0,(anonymous_15)
FNDA:0,(anonymous_16)
FNDA:0,(anonymous_17)
FNDA:0,(anonymous_18)
DA:26,0
DA:38,0
DA:39,0
DA:40,0
DA:41,0
DA:42,0
DA:43,0
DA:46,0
DA:47,0
DA:48,0
DA:49,0
DA:52,0
DA:53,0
DA:54,0
DA:57,0
DA:61,0
DA:62,0
DA:63,0
DA:64,0
DA:65,0
DA:66,0
DA:71,0
DA:72,0
DA:74,0
DA:76,0
DA:77,0
DA:80,0
DA:82,0
DA:85,0
DA:86,0
DA:89,0
DA:90,0
DA:93,0
DA:94,0
DA:96,0
DA:101,0
DA:102,0
DA:103,0
DA:104,0
DA:105,0
DA:109,0
DA:110,0
DA:111,0
DA:112,0
DA:115,0
DA:116,0
DA:117,0
DA:118,0
DA:120,0
DA:122,0
DA:123,0
DA:124,0
DA:129,0
DA:130,0
DA:131,0
DA:132,0
DA:137,0
DA:138,0
DA:140,0
DA:141,0
DA:142,0
DA:143,0
DA:145,0
DA:146,0
DA:151,0
DA:152,0
DA:153,0
DA:156,0
DA:207,0
DA:208,0
DA:209,0
DA:238,0
DA:239,0
DA:250,0
DA:251,0
DA:326,0
DA:333,0
DA:352,0
LF:78
LH:0
BRDA:30,0,0,0
BRDA:31,1,0,0
BRDA:32,2,0,0
BRDA:33,3,0,0
BRDA:34,4,0,0
BRDA:35,5,0,0
BRDA:36,6,0,0
BRDA:40,7,0,0
BRDA:40,7,1,0
BRDA:47,8,0,0
BRDA:47,8,1,0
BRDA:52,9,0,0
BRDA:52,9,1,0
BRDA:72,10,0,0
BRDA:72,10,1,0
BRDA:72,11,0,0
BRDA:72,11,1,0
BRDA:76,12,0,0
BRDA:76,12,1,0
BRDA:89,13,0,0
BRDA:89,13,1,0
BRDA:104,14,0,0
BRDA:104,14,1,0
BRDA:120,15,0,0
BRDA:120,15,1,0
BRDA:123,16,0,0
BRDA:123,16,1,0
BRDA:131,17,0,0
BRDA:131,17,1,0
BRDA:138,18,0,0
BRDA:138,18,1,0
BRDA:142,19,0,0
BRDA:142,19,1,0
BRDA:145,20,0,0
BRDA:145,20,1,0
BRDA:152,21,0,0
BRDA:152,21,1,0
BRDA:152,22,0,0
BRDA:152,22,1,0
BRDA:177,23,0,0
BRDA:177,23,1,0
BRDA:178,24,0,0
BRDA:178,24,1,0
BRDA:179,25,0,0
BRDA:179,25,1,0
BRDA:180,26,0,0
BRDA:180,26,1,0
BRDA:186,27,0,0
BRDA:186,27,1,0
BRDA:187,28,0,0
BRDA:187,28,1,0
BRDA:196,29,0,0
BRDA:196,29,1,0
BRDA:208,30,0,0
BRDA:208,30,1,0
BRDA:263,31,0,0
BRDA:263,31,1,0
BRDA:277,32,0,0
BRDA:277,32,1,0
BRDA:298,33,0,0
BRDA:298,33,1,0
BRDA:316,34,0,0
BRDA:316,34,1,0
BRDA:316,34,2,0
BRF:64
BRH:0
end_of_record
TN:
SF:src\components\common\LoadingButton.tsx
FN:24,(anonymous_0)
FNF:1
FNH:0
FNDA:0,(anonymous_0)
DA:24,0
DA:36,0
DA:61,0
LF:3
LH:0
BRDA:25,0,0,0
BRDA:27,1,0,0
BRDA:28,2,0,0
BRDA:29,3,0,0
BRDA:32,4,0,0
BRDA:37,5,0,0
BRDA:37,5,1,0
BRDA:37,5,2,0
BRDA:47,6,0,0
BRDA:47,6,1,0
BRDA:47,7,0,0
BRDA:47,7,1,0
BRDA:48,8,0,0
BRDA:48,8,1,0
BRDA:48,8,2,0
BRDA:63,9,0,0
BRDA:63,9,1,0
BRDA:66,10,0,0
BRDA:66,10,1,0
BRF:19
BRH:0
end_of_record
TN:
SF:src\components\common\LoadingScreen.tsx
FN:17,(anonymous_0)
FN:127,(anonymous_1)
FN:134,(anonymous_2)
FN:141,(anonymous_3)
FNF:4
FNH:0
FNDA:0,(anonymous_0)
FNDA:0,(anonymous_1)
FNDA:0,(anonymous_2)
FNDA:0,(anonymous_3)
DA:17,0
DA:36,0
DA:42,0
DA:44,0
DA:127,0
DA:128,0
DA:134,0
DA:135,0
DA:141,0
DA:142,0
LF:10
LH:0
BRDA:18,0,0,0
BRDA:19,1,0,0
BRDA:20,2,0,0
BRDA:21,3,0,0
BRDA:23,4,0,0
BRDA:24,5,0,0
BRDA:25,6,0,0
BRDA:42,7,0,0
BRDA:42,7,1,0
BRDA:55,8,0,0
BRDA:55,8,1,0
BRDA:66,9,0,0
BRDA:66,9,1,0
BRDA:68,10,0,0
BRDA:68,10,1,0
BRDA:71,11,0,0
BRDA:71,11,1,0
BRDA:79,12,0,0
BRDA:79,12,1,0
BRDA:99,13,0,0
BRDA:99,13,1,0
BRDA:106,14,0,0
BRDA:106,14,1,0
BRDA:108,15,0,0
BRDA:108,15,1,0
BRDA:114,16,0,0
BRDA:114,16,1,0
BRDA:143,17,0,0
BRDA:143,17,1,0
BRDA:144,18,0,0
BRDA:144,18,1,0
BRF:31
BRH:0
end_of_record
TN:
SF:src\components\common\OptimizedMotion.tsx
FN:37,(anonymous_0)
FNF:1
FNH:0
FNDA:0,(anonymous_0)
DA:14,0
DA:37,0
DA:38,0
DA:46,0
DA:87,0
LF:5
LH:0
BRF:0
BRH:0
end_of_record
TN:
SF:src\components\common\PageTransition.tsx
FN:9,(anonymous_0)
FNF:1
FNH:0
FNDA:0,(anonymous_0)
DA:9,0
DA:10,0
DA:37,0
DA:39,0
LF:4
LH:0
BRDA:9,0,0,0
BRDA:37,1,0,0
BRDA:37,1,1,0
BRF:3
BRH:0
end_of_record
TN:
SF:src\components\common\ProtectedRoute.tsx
FN:5,(anonymous_0)
FN:19,(anonymous_1)
FNF:2
FNH:0
FNDA:0,(anonymous_0)
FNDA:0,(anonymous_1)
DA:5,0
DA:6,0
DA:7,0
DA:9,0
DA:10,0
DA:13,0
DA:15,0
DA:19,0
DA:21,0
DA:24,0
LF:10
LH:0
BRDA:5,0,0,0
BRDA:9,1,0,0
BRDA:9,1,1,0
BRDA:13,2,0,0
BRDA:13,2,1,0
BRDA:19,3,0,0
BRDA:19,3,1,0
BRDA:19,4,0,0
BRDA:19,4,1,0
BRF:9
BRH:0
end_of_record
TN:
SF:src\components\common\ScrollToTop.tsx
FN:8,(anonymous_0)
FN:11,(anonymous_1)
FNF:2
FNH:0
FNDA:0,(anonymous_0)
FNDA:0,(anonymous_1)
DA:8,0
DA:9,0
DA:11,0
DA:12,0
DA:19,0
LF:5
LH:0
BRF:0
BRH:0
end_of_record
TN:
SF:src\components\common\Skeleton.tsx
FN:17,(anonymous_0)
FN:27,(anonymous_1)
FNF:2
FNH:0
FNDA:0,(anonymous_0)
FNDA:0,(anonymous_1)
DA:17,0
DA:27,0
DA:28,0
DA:49,0
LF:4
LH:0
BRDA:18,0,0,0
BRDA:19,1,0,0
BRDA:20,2,0,0
BRDA:21,3,0,0
BRDA:22,4,0,0
BRDA:23,5,0,0
BRDA:24,6,0,0
BRF:7
BRH:0
end_of_record
TN:
SF:src\components\common\SkeletonLoader.tsx
FN:14,(anonymous_0)
FN:15,(anonymous_1)
FN:36,(anonymous_2)
FN:51,(anonymous_3)
FN:57,(anonymous_4)
FN:68,(anonymous_5)
FN:106,(anonymous_6)
FNF:7
FNH:0
FNDA:0,(anonymous_0)
FNDA:0,(anonymous_1)
FNDA:0,(anonymous_2)
FNDA:0,(anonymous_3)
FNDA:0,(anonymous_4)
FNDA:0,(anonymous_5)
FNDA:0,(anonymous_6)
DA:14,0
DA:15,0
DA:16,0
DA:18,0
DA:34,0
DA:37,0
DA:47,0
DA:52,0
DA:58,0
DA:69,0
DA:82,0
DA:104,0
DA:107,0
DA:122,0
LF:14
LH:0
BRDA:14,0,0,0
BRDA:14,1,0,0
BRDA:14,2,0,0
BRDA:16,3,0,0
BRDA:16,3,1,0
BRDA:16,3,2,0
BRDA:16,3,3,0
BRDA:16,3,4,0
BRDA:16,3,5,0
BRDA:52,4,0,0
BRDA:52,4,1,0
BRDA:71,5,0,0
BRDA:71,5,1,0
BRDA:109,6,0,0
BRDA:109,6,1,0
BRDA:109,7,0,0
BRDA:109,7,1,0
BRDA:112,8,0,0
BRDA:112,8,1,0
BRF:19
BRH:0
end_of_record
TN:
SF:src\components\dashboard\EventFeed.tsx
FN:28,(anonymous_0)
FN:29,(anonymous_1)
FN:38,(anonymous_2)
FN:49,(anonymous_3)
FN:75,(anonymous_4)
FNF:5
FNH:0
FNDA:0,(anonymous_0)
FNDA:0,(anonymous_1)
FNDA:0,(anonymous_2)
FNDA:0,(anonymous_3)
FNDA:0,(anonymous_4)
DA:28,0
DA:29,0
DA:30,0
DA:31,0
DA:32,0
DA:33,0
DA:34,0
DA:38,0
DA:39,0
DA:40,0
DA:41,0
DA:42,0
DA:43,0
DA:46,0
DA:47,0
DA:50,0
DA:65,0
DA:66,0
DA:73,0
DA:76,0
LF:20
LH:0
BRDA:28,0,0,0
BRDA:28,1,0,0
BRDA:30,2,0,0
BRDA:30,2,1,0
BRDA:30,2,2,0
BRDA:30,2,3,0
BRDA:39,3,0,0
BRDA:39,3,1,0
BRDA:41,4,0,0
BRDA:41,4,1,0
BRDA:46,5,0,0
BRDA:46,5,1,0
BRDA:65,6,0,0
BRDA:65,6,1,0
BRDA:84,7,0,0
BRDA:84,7,1,0
BRDA:85,8,0,0
BRDA:85,8,1,0
BRDA:94,9,0,0
BRDA:94,9,1,0
BRDA:95,10,0,0
BRDA:95,10,1,0
BRDA:111,11,0,0
BRDA:111,11,1,0
BRDA:117,12,0,0
BRDA:117,12,1,0
BRF:26
BRH:0
end_of_record
TN:
SF:src\components\dashboard\KPICard.tsx
FN:17,(anonymous_0)
FN:18,(anonymous_1)
FN:34,(anonymous_2)
FNF:3
FNH:0
FNDA:0,(anonymous_0)
FNDA:0,(anonymous_1)
FNDA:0,(anonymous_2)
DA:16,0
DA:17,0
DA:18,0
DA:34,0
DA:35,0
DA:37,0
LF:6
LH:0
BRDA:18,0,0,0
BRDA:34,1,0,0
BRDA:34,2,0,0
BRDA:35,3,0,0
BRDA:35,3,1,0
BRDA:39,4,0,0
BRDA:39,4,1,0
BRDA:61,5,0,0
BRDA:61,5,1,0
BRDA:63,6,0,0
BRDA:63,6,1,0
BRDA:64,7,0,0
BRDA:64,7,1,0
BRDA:65,8,0,0
BRDA:65,8,1,0
BRF:15
BRH:0
end_of_record
TN:
SF:src\components\dashboard\RealTimeMap.tsx
FN:212,(anonymous_0)
FN:225,(anonymous_1)
FN:228,(anonymous_2)
FN:229,(anonymous_3)
FN:230,(anonymous_4)
FN:250,(anonymous_5)
FN:253,(anonymous_6)
FN:257,(anonymous_7)
FN:268,(anonymous_8)
FN:278,(anonymous_9)
FN:314,(anonymous_10)
FN:352,(anonymous_11)
FN:389,(anonymous_12)
FN:405,(anonymous_13)
FN:416,(anonymous_14)
FN:480,(anonymous_15)
FN:530,(anonymous_16)
FNF:17
FNH:0
FNDA:0,(anonymous_0)
FNDA:0,(anonymous_1)
FNDA:0,(anonymous_2)
FNDA:0,(anonymous_3)
FNDA:0,(anonymous_4)
FNDA:0,(anonymous_5)
FNDA:0,(anonymous_6)
FNDA:0,(anonymous_7)
FNDA:0,(anonymous_8)
FNDA:0,(anonymous_9)
FNDA:0,(anonymous_10)
FNDA:0,(anonymous_11)
FNDA:0,(anonymous_12)
FNDA:0,(anonymous_13)
FNDA:0,(anonymous_14)
FNDA:0,(anonymous_15)
FNDA:0,(anonymous_16)
DA:212,0
DA:213,0
DA:214,0
DA:221,0
DA:222,0
DA:225,0
DA:226,0
DA:228,0
DA:229,0
DA:230,0
DA:231,0
DA:233,0
DA:234,0
DA:235,0
DA:236,0
DA:238,0
DA:245,0
DA:250,0
DA:253,0
DA:254,0
DA:257,0
DA:258,0
DA:265,0
DA:268,0
DA:269,0
DA:270,0
DA:271,0
DA:272,0
DA:273,0
DA:274,0
DA:278,0
DA:279,0
DA:280,0
DA:281,0
DA:282,0
DA:283,0
DA:284,0
DA:289,0
DA:290,0
DA:314,0
DA:328,0
DA:352,0
DA:390,0
DA:406,0
DA:416,0
DA:481,0
DA:530,0
LF:47
LH:0
BRDA:212,0,0,0
BRDA:226,1,0,0
BRDA:226,1,1,0
BRDA:226,2,0,0
BRDA:226,2,1,0
BRDA:231,3,0,0
BRDA:231,3,1,0
BRDA:231,4,0,0
BRDA:231,4,1,0
BRDA:269,5,0,0
BRDA:269,5,1,0
BRDA:269,5,2,0
BRDA:269,5,3,0
BRDA:269,5,4,0
BRDA:279,6,0,0
BRDA:279,6,1,0
BRDA:279,6,2,0
BRDA:279,6,3,0
BRDA:279,6,4,0
BRDA:289,7,0,0
BRDA:289,7,1,0
BRDA:358,8,0,0
BRDA:358,8,1,0
BRDA:445,9,0,0
BRDA:445,9,1,0
BRDA:445,9,2,0
BRDA:445,9,3,0
BRDA:500,10,0,0
BRDA:500,10,1,0
BRDA:561,11,0,0
BRDA:561,11,1,0
BRF:31
BRH:0
end_of_record
TN:
SF:src\components\forms\Form.tsx
FN:20,(anonymous_0)
FN:44,(anonymous_1)
FN:52,(anonymous_2)
FN:59,(anonymous_3)
FNF:4
FNH:0
FNDA:0,(anonymous_0)
FNDA:0,(anonymous_1)
FNDA:0,(anonymous_2)
FNDA:0,(anonymous_3)
DA:20,0
DA:41,0
DA:44,0
DA:45,0
DA:46,0
DA:47,0
DA:52,0
DA:53,0
DA:54,0
DA:59,0
DA:60,0
DA:68,0
DA:71,0
DA:168,0
LF:14
LH:0
BRDA:23,0,0,0
BRDA:26,1,0,0
BRDA:29,2,0,0
BRDA:30,3,0,0
BRDA:31,4,0,0
BRDA:32,5,0,0
BRDA:33,6,0,0
BRDA:34,7,0,0
BRDA:35,8,0,0
BRDA:36,9,0,0
BRDA:37,10,0,0
BRDA:38,11,0,0
BRDA:46,12,0,0
BRDA:46,12,1,0
BRDA:46,13,0,0
BRDA:46,13,1,0
BRDA:53,14,0,0
BRDA:53,14,1,0
BRDA:68,15,0,0
BRDA:68,15,1,0
BRDA:76,16,0,0
BRDA:76,16,1,0
BRDA:85,17,0,0
BRDA:85,17,1,0
BRDA:85,17,2,0
BRDA:85,17,3,0
BRDA:96,18,0,0
BRDA:96,18,1,0
BRDA:96,18,2,0
BRDA:102,19,0,0
BRDA:102,19,1,0
BRDA:131,20,0,0
BRDA:131,20,1,0
BRDA:139,21,0,0
BRDA:139,21,1,0
BRDA:148,22,0,0
BRDA:148,22,1,0
BRDA:159,23,0,0
BRDA:159,23,1,0
BRF:39
BRH:0
end_of_record
TN:
SF:src\components\forms\FormInput.tsx
FN:20,(anonymous_0)
FN:55,(anonymous_1)
FN:56,(anonymous_2)
FN:63,(anonymous_3)
FNF:4
FNH:0
FNDA:0,(anonymous_0)
FNDA:0,(anonymous_1)
FNDA:0,(anonymous_2)
FNDA:0,(anonymous_3)
DA:20,0
DA:46,0
DA:47,0
DA:50,0
DA:51,0
DA:52,0
DA:55,0
DA:56,0
DA:60,0
DA:63,0
DA:64,0
DA:65,0
DA:81,0
DA:85,0
DA:92,0
DA:98,0
DA:120,0
DA:202,0
LF:18
LH:0
BRDA:25,0,0,0
BRDA:28,1,0,0
BRDA:29,2,0,0
BRDA:30,3,0,0
BRDA:31,4,0,0
BRDA:37,5,0,0
BRDA:38,6,0,0
BRDA:39,7,0,0
BRDA:43,8,0,0
BRDA:60,9,0,0
BRDA:60,9,1,0
BRDA:60,10,0,0
BRDA:60,10,1,0
BRDA:64,11,0,0
BRDA:64,11,1,0
BRDA:64,12,0,0
BRDA:64,12,1,0
BRDA:73,13,0,0
BRDA:73,13,1,0
BRDA:76,14,0,0
BRDA:76,14,1,0
BRDA:85,15,0,0
BRDA:85,15,1,0
BRDA:93,16,0,0
BRDA:93,16,1,0
BRDA:102,17,0,0
BRDA:102,17,1,0
BRDA:105,18,0,0
BRDA:105,18,1,0
BRDA:112,19,0,0
BRDA:112,19,1,0
BRDA:128,20,0,0
BRDA:128,20,1,0
BRDA:133,21,0,0
BRDA:133,21,1,0
BRDA:138,22,0,0
BRDA:138,22,1,0
BRDA:184,23,0,0
BRDA:184,23,1,0
BRDA:184,23,2,0
BRDA:190,24,0,0
BRDA:190,24,1,0
BRDA:195,25,0,0
BRDA:195,25,1,0
BRF:44
BRH:0
end_of_record
TN:
SF:src\components\layout\EmptyState.tsx
FN:15,(anonymous_0)
FNF:1
FNH:0
FNDA:0,(anonymous_0)
DA:15,0
DA:22,0
LF:2
LH:0
BRDA:16,0,0,0
BRDA:20,1,0,0
BRDA:52,2,0,0
BRDA:52,2,1,0
BRF:4
BRH:0
end_of_record
TN:
SF:src\components\layout\ErrorState.tsx
FN:16,(anonymous_0)
FNF:1
FNH:0
FNDA:0,(anonymous_0)
DA:16,0
DA:23,0
LF:2
LH:0
BRDA:17,0,0,0
BRDA:18,1,0,0
BRDA:20,2,0,0
BRDA:21,3,0,0
BRDA:65,4,0,0
BRDA:65,4,1,0
BRF:6
BRH:0
end_of_record
TN:
SF:src\components\layout\PageContainer.tsx
FN:8,(anonymous_0)
FNF:1
FNH:0
FNDA:0,(anonymous_0)
DA:8,0
DA:19,0
LF:2
LH:0
BRDA:10,0,0,0
BRDA:11,1,0,0
BRDA:12,2,0,0
BRDA:23,3,0,0
BRDA:23,3,1,0
BRDA:24,4,0,0
BRDA:24,4,1,0
BRF:7
BRH:0
end_of_record
TN:
SF:src\components\layout\PageHeader.tsx
FN:12,(anonymous_0)
FNF:1
FNH:0
FNDA:0,(anonymous_0)
DA:12,0
DA:19,0
LF:2
LH:0
BRDA:17,0,0,0
BRDA:21,1,0,0
BRDA:21,1,1,0
BRDA:48,2,0,0
BRDA:48,2,1,0
BRDA:59,3,0,0
BRDA:59,3,1,0
BRF:7
BRH:0
end_of_record
TN:
SF:src\components\layout\PageSection.tsx
FN:12,(anonymous_0)
FNF:1
FNH:0
FNDA:0,(anonymous_0)
DA:12,0
DA:20,0
DA:52,0
DA:53,0
DA:66,0
LF:5
LH:0
BRDA:16,0,0,0
BRDA:17,1,0,0
BRDA:21,2,0,0
BRDA:21,2,1,0
BRDA:21,2,2,0
BRDA:32,3,0,0
BRDA:32,3,1,0
BRDA:41,4,0,0
BRDA:41,4,1,0
BRDA:52,5,0,0
BRDA:52,5,1,0
BRF:11
BRH:0
end_of_record
TN:
SF:src\components\layout\index.ts
FNF:0
FNH:0
LF:0
LH:0
BRF:0
BRH:0
end_of_record
TN:
SF:src\components\map\DemandHeatmap.tsx
FN:14,(anonymous_0)
FN:22,(anonymous_1)
FN:25,(anonymous_2)
FN:51,(anonymous_3)
FN:59,(anonymous_4)
FN:69,(anonymous_5)
FNF:6
FNH:0
FNDA:0,(anonymous_0)
FNDA:0,(anonymous_1)
FNDA:0,(anonymous_2)
FNDA:0,(anonymous_3)
FNDA:0,(anonymous_4)
FNDA:0,(anonymous_5)
DA:14,0
DA:18,0
DA:19,0
DA:20,0
DA:22,0
DA:24,0
DA:25,0
DA:31,0
DA:45,0
DA:47,0
DA:48,0
DA:51,0
DA:52,0
DA:53,0
DA:59,0
DA:60,0
DA:61,0
DA:62,0
DA:64,0
DA:69,0
DA:70,0
DA:73,0
LF:22
LH:0
BRDA:16,0,0,0
BRDA:24,1,0,0
BRDA:24,1,1,0
BRDA:47,2,0,0
BRDA:47,2,1,0
BRDA:52,3,0,0
BRDA:52,3,1,0
BRDA:60,4,0,0
BRDA:60,4,1,0
BRDA:61,5,0,0
BRDA:61,5,1,0
BRDA:83,6,0,0
BRDA:83,6,1,0
BRDA:84,7,0,0
BRDA:84,7,1,0
BRDA:85,8,0,0
BRDA:85,8,1,0
BRF:17
BRH:0
end_of_record
TN:
SF:src\components\map\LocationSearch.tsx
FN:14,debounce
FN:19,(anonymous_1)
FN:21,(anonymous_2)
FN:31,(anonymous_3)
FN:43,(anonymous_4)
FN:86,(anonymous_5)
FN:90,(anonymous_6)
FN:105,(anonymous_7)
FN:106,(anonymous_8)
FN:109,(anonymous_9)
FN:116,(anonymous_10)
FN:140,(anonymous_11)
FN:157,(anonymous_12)
FNF:13
FNH:0
FNDA:0,debounce
FNDA:0,(anonymous_1)
FNDA:0,(anonymous_2)
FNDA:0,(anonymous_3)
FNDA:0,(anonymous_4)
FNDA:0,(anonymous_5)
FNDA:0,(anonymous_6)
FNDA:0,(anonymous_7)
FNDA:0,(anonymous_8)
FNDA:0,(anonymous_9)
FNDA:0,(anonymous_10)
FNDA:0,(anonymous_11)
FNDA:0,(anonymous_12)
DA:18,0
DA:19,0
DA:20,0
DA:21,0
DA:31,0
DA:36,0
DA:37,0
DA:38,0
DA:39,0
DA:42,0
DA:44,0
DA:45,0
DA:46,0
DA:49,0
DA:50,0
DA:52,0
DA:53,0
DA:64,0
DA:65,0
DA:68,0
DA:70,0
DA:71,0
DA:74,0
DA:76,0
DA:77,0
DA:78,0
DA:80,0
DA:86,0
DA:87,0
DA:90,0
DA:94,0
DA:95,0
DA:96,0
DA:97,0
DA:101,0
DA:105,0
DA:106,0
DA:110,0
DA:117,0
DA:141,0
DA:158,0
LF:41
LH:0
BRDA:20,0,0,0
BRDA:20,0,1,0
BRDA:34,1,0,0
BRDA:44,2,0,0
BRDA:44,2,1,0
BRDA:44,3,0,0
BRDA:44,3,1,0
BRDA:64,4,0,0
BRDA:64,4,1,0
BRDA:70,5,0,0
BRDA:70,5,1,0
BRDA:94,6,0,0
BRDA:94,6,1,0
BRDA:114,7,0,0
BRDA:114,7,1,0
BRDA:114,8,0,0
BRDA:114,8,1,0
BRDA:133,9,0,0
BRDA:133,9,1,0
BRDA:148,10,0,0
BRDA:148,10,1,0
BRDA:161,11,0,0
BRDA:161,11,1,0
BRF:23
BRH:0
end_of_record
TN:
SF:src\components\map\MapView.tsx
FN:48,FitBounds
FN:57,(anonymous_1)
FN:60,(anonymous_2)
FN:86,(anonymous_3)
FN:123,(anonymous_4)
FN:128,(anonymous_5)
FNF:6
FNH:0
FNDA:0,FitBounds
FNDA:0,(anonymous_1)
FNDA:0,(anonymous_2)
FNDA:0,(anonymous_3)
FNDA:0,(anonymous_4)
FNDA:0,(anonymous_5)
DA:14,0
DA:15,0
DA:22,0
DA:35,0
DA:55,0
DA:57,0
DA:58,0
DA:60,0
DA:61,0
DA:64,0
DA:65,0
DA:68,0
DA:69,0
DA:73,0
DA:86,0
DA:95,0
DA:96,0
DA:97,0
DA:100,0
DA:104,0
DA:108,0
DA:124,0
DA:129,0
DA:130,0
LF:24
LH:0
BRDA:64,0,0,0
BRDA:64,0,1,0
BRDA:68,1,0,0
BRDA:68,1,1,0
BRDA:87,2,0,0
BRDA:90,3,0,0
BRDA:91,4,0,0
BRDA:92,5,0,0
BRDA:100,6,0,0
BRDA:100,6,1,0
BRDA:104,7,0,0
BRDA:104,7,1,0
BRDA:129,8,0,0
BRDA:129,8,1,0
BRDA:141,9,0,0
BRDA:141,9,1,0
BRDA:148,10,0,0
BRDA:148,10,1,0
BRDA:149,11,0,0
BRDA:149,11,1,0
BRDA:157,12,0,0
BRDA:157,12,1,0
BRDA:165,13,0,0
BRDA:165,13,1,0
BRDA:177,14,0,0
BRDA:177,14,1,0
BRDA:177,14,2,0
BRF:27
BRH:0
end_of_record
TN:
SF:src\components\map\OpenStreetMap.tsx
FN:17,(anonymous_0)
FN:20,(anonymous_1)
FN:26,(anonymous_2)
FN:35,(anonymous_3)
FN:48,(anonymous_4)
FN:50,(anonymous_5)
FN:54,(anonymous_6)
FN:104,(anonymous_7)
FN:116,(anonymous_8)
FN:121,(anonymous_9)
FN:140,(anonymous_10)
FNF:11
FNH:0
FNDA:0,(anonymous_0)
FNDA:0,(anonymous_1)
FNDA:0,(anonymous_2)
FNDA:0,(anonymous_3)
FNDA:0,(anonymous_4)
FNDA:0,(anonymous_5)
FNDA:0,(anonymous_6)
FNDA:0,(anonymous_7)
FNDA:0,(anonymous_8)
FNDA:0,(anonymous_9)
FNDA:0,(anonymous_10)
DA:9,0
DA:10,0
DA:17,0
DA:18,0
DA:20,0
DA:21,0
DA:22,0
DA:26,0
DA:27,0
DA:28,0
DA:32,0
DA:35,0
DA:45,0
DA:46,0
DA:48,0
DA:50,0
DA:51,0
DA:54,0
DA:57,0
DA:58,0
DA:78,0
DA:105,0
DA:117,0
DA:122,0
DA:123,0
DA:141,0
LF:26
LH:0
BRDA:21,0,0,0
BRDA:21,0,1,0
BRDA:27,1,0,0
BRDA:27,1,1,0
BRDA:36,2,0,0
BRDA:37,3,0,0
BRDA:38,4,0,0
BRDA:39,5,0,0
BRDA:40,6,0,0
BRDA:42,7,0,0
BRDA:43,8,0,0
BRDA:57,9,0,0
BRDA:57,9,1,0
BRDA:108,10,0,0
BRDA:108,10,1,0
BRDA:109,11,0,0
BRDA:109,11,1,0
BRDA:110,12,0,0
BRDA:110,12,1,0
BRDA:111,13,0,0
BRDA:111,13,1,0
BRDA:122,14,0,0
BRDA:122,14,1,0
BRDA:130,15,0,0
BRDA:130,15,1,0
BRDA:135,16,0,0
BRDA:135,16,1,0
BRDA:140,17,0,0
BRDA:140,17,1,0
BRF:29
BRH:0
end_of_record
TN:
SF:src\components\map\RideMap.tsx
FN:7,(anonymous_0)
FN:8,(anonymous_1)
FN:9,(anonymous_2)
FN:10,(anonymous_3)
FN:11,(anonymous_4)
FN:12,(anonymous_5)
FN:27,(anonymous_6)
FN:61,(anonymous_7)
FN:70,(anonymous_8)
FN:78,(anonymous_9)
FNF:10
FNH:0
FNDA:0,(anonymous_0)
FNDA:0,(anonymous_1)
FNDA:0,(anonymous_2)
FNDA:0,(anonymous_3)
FNDA:0,(anonymous_4)
FNDA:0,(anonymous_5)
FNDA:0,(anonymous_6)
FNDA:0,(anonymous_7)
FNDA:0,(anonymous_8)
FNDA:0,(anonymous_9)
DA:7,0
DA:8,0
DA:9,0
DA:10,0
DA:11,0
DA:12,0
DA:27,0
DA:39,0
DA:40,0
DA:41,0
DA:42,0
DA:45,0
DA:46,0
DA:61,0
DA:62,0
DA:63,0
DA:65,0
DA:66,0
DA:70,0
DA:71,0
DA:73,0
DA:74,0
DA:78,0
DA:79,0
DA:80,0
DA:84,0
DA:90,0
LF:27
LH:0
BRDA:28,0,0,0
BRDA:29,1,0,0
BRDA:30,2,0,0
BRDA:31,3,0,0
BRDA:32,4,0,0
BRDA:33,5,0,0
BRDA:34,6,0,0
BRDA:35,7,0,0
BRDA:45,8,0,0
BRDA:45,8,1,0
BRDA:65,9,0,0
BRDA:65,9,1,0
BRDA:73,10,0,0
BRDA:73,10,1,0
BRDA:93,11,0,0
BRDA:93,11,1,0
BRDA:143,12,0,0
BRDA:143,12,1,0
BRDA:146,13,0,0
BRDA:146,13,1,0
BRDA:154,14,0,0
BRDA:154,14,1,0
BRDA:157,15,0,0
BRDA:157,15,1,0
BRDA:163,16,0,0
BRDA:163,16,1,0
BRDA:163,16,2,0
BRDA:163,16,3,0
BRDA:173,17,0,0
BRDA:173,17,1,0
BRDA:173,17,2,0
BRF:31
BRH:0
end_of_record
TN:
SF:src\components\map\RouteDisplay.tsx
FN:23,(anonymous_0)
FN:36,(anonymous_1)
FN:40,(anonymous_2)
FN:59,(anonymous_3)
FN:61,(anonymous_4)
FN:90,(anonymous_5)
FN:97,(anonymous_6)
FN:102,(anonymous_7)
FN:131,(anonymous_8)
FN:149,(anonymous_9)
FN:175,(anonymous_10)
FN:196,(anonymous_11)
FNF:12
FNH:0
FNDA:0,(anonymous_0)
FNDA:0,(anonymous_1)
FNDA:0,(anonymous_2)
FNDA:0,(anonymous_3)
FNDA:0,(anonymous_4)
FNDA:0,(anonymous_5)
FNDA:0,(anonymous_6)
FNDA:0,(anonymous_7)
FNDA:0,(anonymous_8)
FNDA:0,(anonymous_9)
FNDA:0,(anonymous_10)
FNDA:0,(anonymous_11)
DA:23,0
DA:29,0
DA:30,0
DA:31,0
DA:32,0
DA:33,0
DA:34,0
DA:36,0
DA:37,0
DA:40,0
DA:41,0
DA:42,0
DA:44,0
DA:45,0
DA:47,0
DA:49,0
DA:50,0
DA:53,0
DA:55,0
DA:56,0
DA:59,0
DA:61,0
DA:69,0
DA:70,0
DA:73,0
DA:74,0
DA:75,0
DA:79,0
DA:80,0
DA:83,0
DA:84,0
DA:86,0
DA:90,0
DA:91,0
DA:92,0
DA:93,0
DA:97,0
DA:98,0
DA:99,0
DA:102,0
DA:103,0
DA:104,0
DA:105,0
DA:107,0
DA:108,0
DA:109,0
DA:112,0
DA:113,0
DA:120,0
DA:121,0
DA:128,0
DA:132,0
DA:133,0
DA:135,0
DA:149,0
DA:176,0
DA:177,0
DA:179,0
DA:196,0
LF:59
LH:0
BRDA:27,0,0,0
BRDA:49,1,0,0
BRDA:49,1,1,0
BRDA:55,2,0,0
BRDA:55,2,1,0
BRDA:55,3,0,0
BRDA:55,3,1,0
BRDA:55,3,2,0
BRDA:73,4,0,0
BRDA:73,4,1,0
BRDA:79,5,0,0
BRDA:79,5,1,0
BRDA:79,6,0,0
BRDA:79,6,1,0
BRDA:92,7,0,0
BRDA:92,7,1,0
BRDA:92,8,0,0
BRDA:92,8,1,0
BRDA:99,9,0,0
BRDA:99,9,1,0
BRDA:104,10,0,0
BRDA:104,10,1,0
BRDA:112,11,0,0
BRDA:112,11,1,0
BRDA:120,12,0,0
BRDA:120,12,1,0
BRDA:140,13,0,0
BRDA:140,13,1,0
BRDA:143,14,0,0
BRDA:143,14,1,0
BRDA:144,15,0,0
BRDA:144,15,1,0
BRDA:145,16,0,0
BRDA:145,16,1,0
BRDA:145,17,0,0
BRDA:145,17,1,0
BRDA:146,18,0,0
BRDA:146,18,1,0
BRDA:146,19,0,0
BRDA:146,19,1,0
BRDA:156,20,0,0
BRDA:156,20,1,0
BRDA:182,21,0,0
BRDA:182,21,1,0
BRDA:186,22,0,0
BRDA:186,22,1,0
BRDA:187,23,0,0
BRDA:187,23,1,0
BRDA:202,24,0,0
BRDA:202,24,1,0
BRF:50
BRH:0
end_of_record
TN:
SF:src\components\map\SimulatedDrivers.tsx
FN:25,(anonymous_0)
FN:33,(anonymous_1)
FN:50,(anonymous_2)
FN:71,(anonymous_3)
FN:72,(anonymous_4)
FN:73,(anonymous_5)
FN:74,(anonymous_6)
FN:88,(anonymous_7)
FN:92,(anonymous_8)
FN:113,(anonymous_9)
FN:129,(anonymous_10)
FNF:11
FNH:0
FNDA:0,(anonymous_0)
FNDA:0,(anonymous_1)
FNDA:0,(anonymous_2)
FNDA:0,(anonymous_3)
FNDA:0,(anonymous_4)
FNDA:0,(anonymous_5)
FNDA:0,(anonymous_6)
FNDA:0,(anonymous_7)
FNDA:0,(anonymous_8)
FNDA:0,(anonymous_9)
FNDA:0,(anonymous_10)
DA:7,0
DA:25,0
DA:30,0
DA:33,0
DA:34,0
DA:35,0
DA:50,0
DA:52,0
DA:53,0
DA:55,0
DA:67,0
DA:71,0
DA:72,0
DA:73,0
DA:74,0
DA:76,0
DA:77,0
DA:79,0
DA:88,0
DA:92,0
DA:98,0
DA:99,0
DA:100,0
DA:102,0
DA:107,0
DA:108,0
DA:111,0
DA:115,0
DA:123,0
DA:130,0
LF:30
LH:0
BRDA:28,0,0,0
BRDA:115,1,0,0
BRDA:115,1,1,0
BRDA:144,2,0,0
BRDA:144,2,1,0
BRDA:145,3,0,0
BRDA:145,3,1,0
BRDA:152,4,0,0
BRDA:152,4,1,0
BRDA:152,4,2,0
BRF:10
BRH:0
end_of_record
TN:
SF:src\components\map\UserLocation.tsx
FN:25,(anonymous_0)
FN:33,(anonymous_1)
FN:37,(anonymous_2)
FN:40,(anonymous_3)
FN:55,(anonymous_4)
FN:89,(anonymous_5)
FNF:6
FNH:0
FNDA:0,(anonymous_0)
FNDA:0,(anonymous_1)
FNDA:0,(anonymous_2)
FNDA:0,(anonymous_3)
FNDA:0,(anonymous_4)
FNDA:0,(anonymous_5)
DA:9,0
DA:25,0
DA:29,0
DA:30,0
DA:31,0
DA:33,0
DA:34,0
DA:37,0
DA:38,0
DA:39,0
DA:41,0
DA:42,0
DA:43,0
DA:44,0
DA:47,0
DA:49,0
DA:50,0
DA:53,0
DA:56,0
DA:57,0
DA:60,0
DA:61,0
DA:63,0
DA:64,0
DA:67,0
DA:79,0
DA:80,0
DA:81,0
DA:83,0
DA:84,0
DA:89,0
DA:90,0
DA:93,0
LF:33
LH:0
BRDA:27,0,0,0
BRDA:38,1,0,0
BRDA:38,1,1,0
BRDA:49,2,0,0
BRDA:49,2,1,0
BRDA:63,3,0,0
BRDA:63,3,1,0
BRDA:83,4,0,0
BRDA:83,4,1,0
BRDA:96,5,0,0
BRDA:96,5,1,0
BRF:11
BRH:0
end_of_record
TN:
SF:src\components\map\VehicleMarker.tsx
FN:8,(anonymous_0)
FN:51,(anonymous_1)
FN:60,(anonymous_2)
FN:68,(anonymous_3)
FN:73,(anonymous_4)
FN:83,(anonymous_5)
FN:165,(anonymous_6)
FNF:7
FNH:0
FNDA:0,(anonymous_0)
FNDA:0,(anonymous_1)
FNDA:0,(anonymous_2)
FNDA:0,(anonymous_3)
FNDA:0,(anonymous_4)
FNDA:0,(anonymous_5)
FNDA:0,(anonymous_6)
DA:8,0
DA:9,0
DA:16,0
DA:22,0
DA:23,0
DA:26,0
DA:51,0
DA:52,0
DA:57,0
DA:60,0
DA:66,0
DA:68,0
DA:69,0
DA:70,0
DA:73,0
DA:74,0
DA:80,0
DA:83,0
DA:84,0
DA:85,0
DA:88,0
DA:165,0
LF:22
LH:0
BRDA:8,0,0,0
BRDA:22,1,0,0
BRDA:22,1,1,0
BRDA:23,2,0,0
BRDA:23,2,1,0
BRDA:57,3,0,0
BRDA:57,3,1,0
BRDA:63,4,0,0
BRDA:64,5,0,0
BRDA:80,6,0,0
BRDA:80,6,1,0
BRDA:84,7,0,0
BRDA:84,7,1,0
BRDA:99,8,0,0
BRDA:99,8,1,0
BRDA:100,9,0,0
BRDA:100,9,1,0
BRDA:101,10,0,0
BRDA:101,10,1,0
BRDA:105,11,0,0
BRDA:105,11,1,0
BRDA:117,12,0,0
BRDA:117,12,1,0
BRDA:120,13,0,0
BRDA:120,13,1,0
BRDA:123,14,0,0
BRDA:123,14,1,0
BRDA:129,15,0,0
BRDA:129,15,1,0
BRDA:135,16,0,0
BRDA:135,16,1,0
BRDA:141,17,0,0
BRDA:141,17,1,0
BRDA:147,18,0,0
BRDA:147,18,1,0
BRDA:153,19,0,0
BRDA:153,19,1,0
BRDA:162,20,0,0
BRDA:162,20,1,0
BRF:39
BRH:0
end_of_record
TN:
SF:src\components\map\index.ts
FNF:0
FNH:0
LF:0
LH:0
BRF:0
BRH:0
end_of_record
TN:
SF:src\components\modern\AIConfidenceIndicator.tsx
FN:22,(anonymous_0)
FN:60,(anonymous_1)
FN:67,(anonymous_2)
FN:73,(anonymous_3)
FN:86,(anonymous_4)
FNF:5
FNH:0
FNDA:0,(anonymous_0)
FNDA:0,(anonymous_1)
FNDA:0,(anonymous_2)
FNDA:0,(anonymous_3)
FNDA:0,(anonymous_4)
DA:21,0
DA:23,0
DA:38,0
DA:40,0
DA:60,0
DA:67,0
DA:68,0
DA:69,0
DA:70,0
DA:73,0
DA:74,0
DA:76,0
DA:78,0
DA:80,0
DA:82,0
DA:86,0
DA:87,0
DA:92,0
DA:95,0
DA:98,0
DA:108,0
DA:109,0
DA:124,0
LF:23
LH:0
BRDA:62,0,0,0
BRDA:63,1,0,0
BRDA:64,2,0,0
BRDA:65,3,0,0
BRDA:68,4,0,0
BRDA:68,4,1,0
BRDA:69,5,0,0
BRDA:69,5,1,0
BRDA:74,6,0,0
BRDA:74,6,1,0
BRDA:76,7,0,0
BRDA:76,7,1,0
BRDA:76,7,2,0
BRDA:95,8,0,0
BRDA:95,8,1,0
BRDA:108,9,0,0
BRDA:108,9,1,0
BRF:17
BRH:0
end_of_record
TN:
SF:src\components\modern\AIReasoningPanel.tsx
FN:21,(anonymous_0)
FN:22,(anonymous_1)
FN:29,(anonymous_2)
FN:48,(anonymous_3)
FN:64,(anonymous_4)
FN:72,(anonymous_5)
FN:101,(anonymous_6)
FN:127,(anonymous_7)
FN:165,(anonymous_8)
FN:180,(anonymous_9)
FN:210,(anonymous_10)
FNF:11
FNH:0
FNDA:0,(anonymous_0)
FNDA:0,(anonymous_1)
FNDA:0,(anonymous_2)
FNDA:0,(anonymous_3)
FNDA:0,(anonymous_4)
FNDA:0,(anonymous_5)
FNDA:0,(anonymous_6)
FNDA:0,(anonymous_7)
FNDA:0,(anonymous_8)
FNDA:0,(anonymous_9)
FNDA:0,(anonymous_10)
DA:20,0
DA:21,0
DA:22,0
DA:29,0
DA:48,0
DA:64,0
DA:70,0
DA:72,0
DA:73,0
DA:76,0
DA:78,0
DA:79,0
DA:102,0
DA:103,0
DA:104,0
DA:128,0
DA:145,0
DA:166,0
DA:167,0
DA:168,0
DA:180,0
DA:211,0
LF:22
LH:0
BRDA:23,0,0,0
BRDA:23,0,1,0
BRDA:66,1,0,0
BRDA:67,2,0,0
BRDA:68,3,0,0
BRDA:76,4,0,0
BRDA:76,4,1,0
BRDA:78,5,0,0
BRDA:78,5,1,0
BRDA:102,6,0,0
BRDA:102,6,1,0
BRDA:102,7,0,0
BRDA:102,7,1,0
BRDA:123,8,0,0
BRDA:123,8,1,0
BRDA:166,9,0,0
BRDA:166,9,1,0
BRDA:166,10,0,0
BRDA:166,10,1,0
BRDA:191,11,0,0
BRDA:191,11,1,0
BRDA:206,12,0,0
BRDA:206,12,1,0
BRF:23
BRH:0
end_of_record
TN:
SF:src\components\modern\AISkeletonLoader.tsx
FN:6,(anonymous_0)
FN:24,(anonymous_1)
FN:56,(anonymous_2)
FN:75,(anonymous_3)
FN:88,(anonymous_4)
FN:101,(anonymous_5)
FN:108,(anonymous_6)
FN:121,(anonymous_7)
FN:134,(anonymous_8)
FN:155,(anonymous_9)
FNF:10
FNH:0
FNDA:0,(anonymous_0)
FNDA:0,(anonymous_1)
FNDA:0,(anonymous_2)
FNDA:0,(anonymous_3)
FNDA:0,(anonymous_4)
FNDA:0,(anonymous_5)
FNDA:0,(anonymous_6)
FNDA:0,(anonymous_7)
FNDA:0,(anonymous_8)
FNDA:0,(anonymous_9)
DA:6,0
DA:24,0
DA:25,0
DA:56,0
DA:57,0
DA:76,0
DA:88,0
DA:89,0
DA:102,0
DA:108,0
DA:109,0
DA:122,0
DA:134,0
DA:135,0
DA:155,0
DA:156,0
LF:16
LH:0
BRF:0
BRH:0
end_of_record
TN:
SF:src\components\modern\AIStatusIndicator.tsx
FN:40,(anonymous_0)
FN:41,(anonymous_1)
FN:74,(anonymous_2)
FN:75,(anonymous_3)
FN:114,(anonymous_4)
FN:119,(anonymous_5)
FNF:6
FNH:0
FNDA:0,(anonymous_0)
FNDA:0,(anonymous_1)
FNDA:0,(anonymous_2)
FNDA:0,(anonymous_3)
FNDA:0,(anonymous_4)
FNDA:0,(anonymous_5)
DA:17,0
DA:28,0
DA:39,0
DA:40,0
DA:42,0
DA:49,0
DA:73,0
DA:74,0
DA:76,0
DA:95,0
DA:97,0
DA:114,0
DA:119,0
DA:120,0
DA:142,0
DA:145,0
DA:146,0
DA:171,0
LF:18
LH:0
BRDA:55,0,0,0
BRDA:55,0,1,0
BRDA:58,1,0,0
BRDA:58,1,1,0
BRDA:109,2,0,0
BRDA:109,2,1,0
BRDA:116,3,0,0
BRDA:117,4,0,0
BRDA:145,5,0,0
BRDA:145,5,1,0
BRDA:173,6,0,0
BRDA:173,6,1,0
BRF:12
BRH:0
end_of_record
TN:
SF:src\components\modern\AnimatedNumber.tsx
FN:14,(anonymous_0)
FN:18,(anonymous_1)
FN:32,(anonymous_2)
FN:41,(anonymous_3)
FNF:4
FNH:0
FNDA:0,(anonymous_0)
FNDA:0,(anonymous_1)
FNDA:0,(anonymous_2)
FNDA:0,(anonymous_3)
DA:14,0
DA:15,0
DA:18,0
DA:27,0
DA:28,0
DA:29,0
DA:30,0
DA:32,0
DA:33,0
DA:34,0
DA:36,0
DA:37,0
DA:38,0
DA:39,0
DA:41,0
DA:42,0
DA:43,0
DA:44,0
DA:46,0
DA:47,0
DA:49,0
DA:51,0
DA:52,0
DA:54,0
DA:58,0
DA:61,0
DA:63,0
LF:27
LH:0
BRDA:20,0,0,0
BRDA:21,1,0,0
BRDA:22,2,0,0
BRDA:23,3,0,0
BRDA:25,4,0,0
BRDA:33,5,0,0
BRDA:33,5,1,0
BRDA:33,6,0,0
BRDA:33,6,1,0
BRDA:34,7,0,0
BRDA:34,7,1,0
BRDA:51,8,0,0
BRDA:51,8,1,0
BRF:13
BRH:0
end_of_record
TN:
SF:src\components\modern\CommandPalette.tsx
FN:30,(anonymous_0)
FN:46,(anonymous_1)
FN:61,(anonymous_2)
FN:78,(anonymous_3)
FN:102,(anonymous_4)
FN:113,(anonymous_5)
FN:120,(anonymous_6)
FN:129,(anonymous_7)
FN:130,(anonymous_8)
FN:138,(anonymous_9)
FN:141,(anonymous_10)
FN:185,(anonymous_11)
FN:185,(anonymous_12)
FN:193,(anonymous_13)
FN:193,(anonymous_14)
FN:201,(anonymous_15)
FN:201,(anonymous_16)
FN:208,(anonymous_17)
FN:208,(anonymous_18)
FN:215,(anonymous_19)
FN:215,(anonymous_20)
FN:225,(anonymous_21)
FN:225,(anonymous_22)
FN:238,(anonymous_23)
FN:238,(anonymous_24)
FN:251,(anonymous_25)
FN:251,(anonymous_26)
FN:264,(anonymous_27)
FN:264,(anonymous_28)
FN:280,(anonymous_29)
FN:280,(anonymous_30)
FNF:31
FNH:0
FNDA:0,(anonymous_0)
FNDA:0,(anonymous_1)
FNDA:0,(anonymous_2)
FNDA:0,(anonymous_3)
FNDA:0,(anonymous_4)
FNDA:0,(anonymous_5)
FNDA:0,(anonymous_6)
FNDA:0,(anonymous_7)
FNDA:0,(anonymous_8)
FNDA:0,(anonymous_9)
FNDA:0,(anonymous_10)
FNDA:0,(anonymous_11)
FNDA:0,(anonymous_12)
FNDA:0,(anonymous_13)
FNDA:0,(anonymous_14)
FNDA:0,(anonymous_15)
FNDA:0,(anonymous_16)
FNDA:0,(anonymous_17)
FNDA:0,(anonymous_18)
FNDA:0,(anonymous_19)
FNDA:0,(anonymous_20)
FNDA:0,(anonymous_21)
FNDA:0,(anonymous_22)
FNDA:0,(anonymous_23)
FNDA:0,(anonymous_24)
FNDA:0,(anonymous_25)
FNDA:0,(anonymous_26)
FNDA:0,(anonymous_27)
FNDA:0,(anonymous_28)
FNDA:0,(anonymous_29)
FNDA:0,(anonymous_30)
DA:30,0
DA:46,0
DA:61,0
DA:78,0
DA:102,0
DA:113,0
DA:120,0
DA:125,0
DA:126,0
DA:129,0
DA:130,0
DA:131,0
DA:132,0
DA:133,0
DA:137,0
DA:138,0
DA:141,0
DA:142,0
DA:143,0
DA:144,0
DA:147,0
DA:185,0
DA:193,0
DA:201,0
DA:208,0
DA:215,0
DA:225,0
DA:226,0
DA:227,0
DA:238,0
DA:239,0
DA:240,0
DA:251,0
DA:252,0
DA:253,0
DA:264,0
DA:265,0
DA:266,0
DA:280,0
DA:281,0
LF:40
LH:0
BRDA:41,0,0,0
BRDA:41,0,1,0
BRDA:131,1,0,0
BRDA:131,1,1,0
BRDA:131,2,0,0
BRDA:131,2,1,0
BRDA:131,2,2,0
BRDA:174,3,0,0
BRDA:174,3,1,0
BRDA:227,4,0,0
BRDA:227,4,1,0
BRDA:240,5,0,0
BRDA:240,5,1,0
BRDA:253,6,0,0
BRDA:253,6,1,0
BRDA:266,7,0,0
BRDA:266,7,1,0
BRDA:281,8,0,0
BRDA:281,8,1,0
BRF:19
BRH:0
end_of_record
TN:
SF:src\components\modern\GlassCard.tsx
FN:13,(anonymous_0)
FN:15,(anonymous_1)
FN:90,(anonymous_2)
FNF:3
FNH:0
FNDA:0,(anonymous_0)
FNDA:0,(anonymous_1)
FNDA:0,(anonymous_2)
DA:12,0
DA:14,0
DA:16,0
DA:22,0
DA:40,0
DA:42,0
DA:89,0
DA:91,0
DA:105,0
LF:9
LH:0
BRDA:15,0,0,0
BRDA:15,1,0,0
BRDA:15,2,0,0
BRDA:55,3,0,0
BRDA:55,3,1,0
BRDA:62,4,0,0
BRDA:62,4,1,0
BRDA:72,5,0,0
BRDA:72,5,1,0
BRDA:83,6,0,0
BRDA:83,6,1,0
BRDA:90,7,0,0
BRDA:90,8,0,0
BRDA:90,9,0,0
BRF:14
BRH:0
end_of_record
TN:
SF:src\components\modern\StaggeredList.tsx
FN:12,(anonymous_0)
FN:50,(anonymous_1)
FNF:2
FNH:0
FNDA:0,(anonymous_0)
FNDA:0,(anonymous_1)
DA:12,0
DA:19,0
DA:30,0
DA:42,0
DA:51,0
DA:64,0
LF:6
LH:0
BRDA:14,0,0,0
BRDA:15,1,0,0
BRDA:17,2,0,0
BRF:3
BRH:0
end_of_record
TN:
SF:src\components\modern\StreamingText.tsx
FN:30,(anonymous_0)
FN:44,(anonymous_1)
FN:50,(anonymous_2)
FN:65,(anonymous_3)
FN:81,(anonymous_4)
FN:89,(anonymous_5)
FN:97,(anonymous_6)
FN:101,(anonymous_7)
FN:117,(anonymous_8)
FNF:9
FNH:0
FNDA:0,(anonymous_0)
FNDA:0,(anonymous_1)
FNDA:0,(anonymous_2)
FNDA:0,(anonymous_3)
FNDA:0,(anonymous_4)
FNDA:0,(anonymous_5)
FNDA:0,(anonymous_6)
FNDA:0,(anonymous_7)
FNDA:0,(anonymous_8)
DA:15,0
DA:24,0
DA:30,0
DA:39,0
DA:40,0
DA:41,0
DA:42,0
DA:44,0
DA:46,0
DA:47,0
DA:48,0
DA:50,0
DA:51,0
DA:52,0
DA:53,0
DA:54,0
DA:56,0
DA:57,0
DA:58,0
DA:63,0
DA:65,0
DA:66,0
DA:67,0
DA:72,0
DA:81,0
DA:85,0
DA:86,0
DA:87,0
DA:89,0
DA:90,0
DA:92,0
DA:93,0
DA:94,0
DA:95,0
DA:97,0
DA:98,0
DA:99,0
DA:100,0
DA:101,0
DA:103,0
DA:104,0
DA:105,0
DA:108,0
DA:109,0
DA:110,0
DA:115,0
DA:117,0
DA:118,0
DA:122,0
LF:49
LH:0
BRDA:32,0,0,0
BRDA:34,1,0,0
BRDA:35,2,0,0
BRDA:37,3,0,0
BRDA:51,4,0,0
BRDA:51,4,1,0
BRDA:57,5,0,0
BRDA:57,5,1,0
BRDA:66,6,0,0
BRDA:66,6,1,0
BRDA:75,7,0,0
BRDA:75,7,1,0
BRDA:75,7,2,0
BRDA:90,8,0,0
BRDA:90,8,1,0
BRDA:100,9,0,0
BRDA:100,9,1,0
BRDA:103,10,0,0
BRDA:103,10,1,0
BRDA:105,11,0,0
BRDA:105,11,1,0
BRDA:108,12,0,0
BRDA:108,12,1,0
BRF:23
BRH:0
end_of_record
TN:
SF:src\components\modern\index.ts
FNF:0
FNH:0
LF:0
LH:0
BRF:0
BRH:0
end_of_record
TN:
SF:src\components\notifications\NotificationCenter.tsx
FN:33,(anonymous_0)
FN:44,(anonymous_1)
FN:108,(anonymous_2)
FN:113,(anonymous_3)
FN:115,(anonymous_4)
FN:119,(anonymous_5)
FN:123,(anonymous_6)
FN:124,(anonymous_7)
FN:125,(anonymous_8)
FN:133,(anonymous_9)
FN:134,(anonymous_10)
FN:135,(anonymous_11)
FN:139,(anonymous_12)
FN:140,(anonymous_13)
FN:140,(anonymous_14)
FN:144,(anonymous_15)
FN:145,(anonymous_16)
FN:159,(anonymous_17)
FN:163,(anonymous_18)
FN:212,(anonymous_19)
FN:224,(anonymous_20)
FN:266,(anonymous_21)
FNF:22
FNH:0
FNDA:0,(anonymous_0)
FNDA:0,(anonymous_1)
FNDA:0,(anonymous_2)
FNDA:0,(anonymous_3)
FNDA:0,(anonymous_4)
FNDA:0,(anonymous_5)
FNDA:0,(anonymous_6)
FNDA:0,(anonymous_7)
FNDA:0,(anonymous_8)
FNDA:0,(anonymous_9)
FNDA:0,(anonymous_10)
FNDA:0,(anonymous_11)
FNDA:0,(anonymous_12)
FNDA:0,(anonymous_13)
FNDA:0,(anonymous_14)
FNDA:0,(anonymous_15)
FNDA:0,(anonymous_16)
FNDA:0,(anonymous_17)
FNDA:0,(anonymous_18)
FNDA:0,(anonymous_19)
FNDA:0,(anonymous_20)
FNDA:0,(anonymous_21)
DA:33,0
DA:44,0
DA:55,0
DA:108,0
DA:109,0
DA:110,0
DA:111,0
DA:113,0
DA:115,0
DA:116,0
DA:119,0
DA:120,0
DA:123,0
DA:124,0
DA:125,0
DA:126,0
DA:133,0
DA:134,0
DA:135,0
DA:139,0
DA:140,0
DA:144,0
DA:145,0
DA:146,0
DA:158,0
DA:159,0
DA:163,0
DA:166,0
DA:213,0
DA:214,0
DA:224,0
DA:267,0
DA:268,0
LF:33
LH:0
BRDA:47,0,0,0
BRDA:47,0,1,0
BRDA:48,1,0,0
BRDA:48,1,1,0
BRDA:126,2,0,0
BRDA:126,2,1,0
BRDA:158,3,0,0
BRDA:158,3,1,0
BRDA:200,4,0,0
BRDA:200,4,1,0
BRDA:243,5,0,0
BRDA:243,5,1,0
BRDA:281,6,0,0
BRDA:281,6,1,0
BRF:14
BRH:0
end_of_record
TN:
SF:src\components\onboarding\SetupRequired.tsx
FN:24,SetupRequired
FN:88,(anonymous_1)
FN:130,(anonymous_2)
FN:166,(anonymous_3)
FN:209,(anonymous_4)
FNF:5
FNH:0
FNDA:0,SetupRequired
FNDA:0,(anonymous_1)
FNDA:0,(anonymous_2)
FNDA:0,(anonymous_3)
FNDA:0,(anonymous_4)
DA:25,0
DA:27,0
DA:45,0
DA:52,0
DA:89,0
DA:131,0
DA:166,0
DA:209,0
LF:8
LH:0
BRF:0
BRH:0
end_of_record
TN:
SF:src\components\pwa\InstallPrompt.tsx
FN:6,(anonymous_0)
FN:11,(anonymous_1)
FN:32,(anonymous_2)
FN:40,(anonymous_3)
FN:48,(anonymous_4)
FN:55,(anonymous_5)
FN:60,(anonymous_6)
FN:87,(anonymous_7)
FN:142,(anonymous_8)
FN:145,(anonymous_9)
FN:210,(anonymous_10)
FN:214,(anonymous_11)
FNF:12
FNH:0
FNDA:0,(anonymous_0)
FNDA:0,(anonymous_1)
FNDA:0,(anonymous_2)
FNDA:0,(anonymous_3)
FNDA:0,(anonymous_4)
FNDA:0,(anonymous_5)
FNDA:0,(anonymous_6)
FNDA:0,(anonymous_7)
FNDA:0,(anonymous_8)
FNDA:0,(anonymous_9)
FNDA:0,(anonymous_10)
FNDA:0,(anonymous_11)
DA:6,0
DA:7,0
DA:8,0
DA:9,0
DA:11,0
DA:13,0
DA:15,0
DA:16,0
DA:20,0
DA:21,0
DA:22,0
DA:23,0
DA:26,0
DA:27,0
DA:32,0
DA:34,0
DA:37,0
DA:40,0
DA:41,0
DA:45,0
DA:48,0
DA:49,0
DA:50,0
DA:51,0
DA:52,0
DA:55,0
DA:56,0
DA:60,0
DA:61,0
DA:62,0
DA:66,0
DA:69,0
DA:71,0
DA:73,0
DA:74,0
DA:75,0
DA:77,0
DA:79,0
DA:83,0
DA:84,0
DA:87,0
DA:88,0
DA:89,0
DA:93,0
DA:94,0
DA:97,0
DA:143,0
DA:146,0
DA:211,0
DA:212,0
DA:215,0
DA:216,0
LF:52
LH:0
BRDA:13,0,0,0
BRDA:13,0,1,0
BRDA:13,1,0,0
BRDA:13,1,1,0
BRDA:21,2,0,0
BRDA:21,2,1,0
BRDA:26,3,0,0
BRDA:26,3,1,0
BRDA:61,4,0,0
BRDA:61,4,1,0
BRDA:73,5,0,0
BRDA:73,5,1,0
BRDA:93,6,0,0
BRDA:93,6,1,0
BRDA:93,7,0,0
BRDA:93,7,1,0
BRDA:99,8,0,0
BRDA:99,8,1,0
BRF:18
BRH:0
end_of_record
TN:
SF:src\components\pwa\UpdatePrompt.tsx
FN:7,(anonymous_0)
FN:10,(anonymous_1)
FNF:2
FNH:0
FNDA:0,(anonymous_0)
FNDA:0,(anonymous_1)
DA:7,0
DA:8,0
DA:10,0
DA:11,0
DA:12,0
DA:14,0
DA:15,0
DA:19,0
LF:8
LH:0
BRDA:11,0,0,0
BRDA:11,0,1,0
BRDA:14,1,0,0
BRDA:14,1,1,0
BRDA:83,2,0,0
BRDA:83,2,1,0
BRF:6
BRH:0
end_of_record
TN:
SF:src\components\settings\ApiKeySetup.tsx
FN:31,TabPanel
FN:45,ApiKeySetup
FN:70,(anonymous_2)
FN:74,(anonymous_3)
FN:75,(anonymous_4)
FN:78,(anonymous_5)
FN:79,(anonymous_6)
FN:84,(anonymous_7)
FN:119,(anonymous_8)
FN:139,(anonymous_9)
FN:146,(anonymous_10)
FN:148,(anonymous_11)
FN:152,(anonymous_12)
FN:225,(anonymous_13)
FN:232,(anonymous_14)
FN:244,(anonymous_15)
FN:265,(anonymous_16)
FN:274,(anonymous_17)
FN:302,(anonymous_18)
FN:309,(anonymous_19)
FN:332,(anonymous_20)
FN:341,(anonymous_21)
FN:369,(anonymous_22)
FN:376,(anonymous_23)
FN:399,(anonymous_24)
FN:408,(anonymous_25)
FNF:26
FNH:0
FNDA:0,TabPanel
FNDA:0,ApiKeySetup
FNDA:0,(anonymous_2)
FNDA:0,(anonymous_3)
FNDA:0,(anonymous_4)
FNDA:0,(anonymous_5)
FNDA:0,(anonymous_6)
FNDA:0,(anonymous_7)
FNDA:0,(anonymous_8)
FNDA:0,(anonymous_9)
FNDA:0,(anonymous_10)
FNDA:0,(anonymous_11)
FNDA:0,(anonymous_12)
FNDA:0,(anonymous_13)
FNDA:0,(anonymous_14)
FNDA:0,(anonymous_15)
FNDA:0,(anonymous_16)
FNDA:0,(anonymous_17)
FNDA:0,(anonymous_18)
FNDA:0,(anonymous_19)
FNDA:0,(anonymous_20)
FNDA:0,(anonymous_21)
FNDA:0,(anonymous_22)
FNDA:0,(anonymous_23)
FNDA:0,(anonymous_24)
FNDA:0,(anonymous_25)
DA:32,0
DA:55,0
DA:57,0
DA:58,0
DA:63,0
DA:70,0
DA:71,0
DA:74,0
DA:75,0
DA:78,0
DA:79,0
DA:81,0
DA:84,0
DA:85,0
DA:87,0
DA:88,0
DA:89,0
DA:92,0
DA:94,0
DA:97,0
DA:98,0
DA:99,0
DA:100,0
DA:101,0
DA:102,0
DA:105,0
DA:106,0
DA:107,0
DA:108,0
DA:109,0
DA:112,0
DA:115,0
DA:119,0
DA:121,0
DA:123,0
DA:124,0
DA:125,0
DA:127,0
DA:128,0
DA:130,0
DA:131,0
DA:134,0
DA:135,0
DA:136,0
DA:139,0
DA:140,0
DA:141,0
DA:142,0
DA:146,0
DA:147,0
DA:148,0
DA:149,0
DA:152,0
DA:153,0
DA:155,0
DA:156,0
DA:157,0
DA:158,0
DA:159,0
DA:160,0
DA:163,0
DA:166,0
DA:170,0
DA:225,0
DA:232,0
DA:244,0
DA:265,0
DA:274,0
DA:302,0
DA:309,0
DA:332,0
DA:341,0
DA:369,0
DA:376,0
DA:399,0
DA:408,0
LF:76
LH:0
BRDA:40,0,0,0
BRDA:40,0,1,0
BRDA:45,1,0,0
BRDA:64,2,0,0
BRDA:64,2,1,0
BRDA:65,3,0,0
BRDA:65,3,1,0
BRDA:66,4,0,0
BRDA:66,4,1,0
BRDA:67,5,0,0
BRDA:67,5,1,0
BRDA:87,6,0,0
BRDA:87,6,1,0
BRDA:87,7,0,0
BRDA:87,7,1,0
BRDA:97,8,0,0
BRDA:97,8,1,0
BRDA:99,9,0,0
BRDA:99,9,1,0
BRDA:101,10,0,0
BRDA:101,10,1,0
BRDA:105,11,0,0
BRDA:105,11,1,0
BRDA:108,12,0,0
BRDA:108,12,1,0
BRDA:123,13,0,0
BRDA:123,13,1,0
BRDA:127,14,0,0
BRDA:127,14,1,0
BRDA:130,15,0,0
BRDA:130,15,1,0
BRDA:140,16,0,0
BRDA:140,16,1,0
BRDA:155,17,0,0
BRDA:155,17,1,0
BRDA:157,18,0,0
BRDA:157,18,1,0
BRDA:159,19,0,0
BRDA:159,19,1,0
BRDA:166,20,0,0
BRDA:166,20,1,0
BRDA:166,20,2,0
BRDA:173,21,0,0
BRDA:173,21,1,0
BRDA:181,22,0,0
BRDA:181,22,1,0
BRDA:223,23,0,0
BRDA:223,23,1,0
BRDA:233,24,0,0
BRDA:233,24,1,0
BRDA:250,25,0,0
BRDA:250,25,1,0
BRDA:256,26,0,0
BRDA:256,26,1,0
BRDA:266,27,0,0
BRDA:266,27,1,0
BRDA:268,28,0,0
BRDA:268,28,1,0
BRDA:270,29,0,0
BRDA:270,29,1,0
BRDA:300,30,0,0
BRDA:300,30,1,0
BRDA:310,31,0,0
BRDA:310,31,1,0
BRDA:317,32,0,0
BRDA:317,32,1,0
BRDA:323,33,0,0
BRDA:323,33,1,0
BRDA:333,34,0,0
BRDA:333,34,1,0
BRDA:335,35,0,0
BRDA:335,35,1,0
BRDA:337,36,0,0
BRDA:337,36,1,0
BRDA:367,37,0,0
BRDA:367,37,1,0
BRDA:377,38,0,0
BRDA:377,38,1,0
BRDA:384,39,0,0
BRDA:384,39,1,0
BRDA:390,40,0,0
BRDA:390,40,1,0
BRDA:400,41,0,0
BRDA:400,41,1,0
BRDA:402,42,0,0
BRDA:402,42,1,0
BRDA:404,43,0,0
BRDA:404,43,1,0
BRDA:419,44,0,0
BRDA:419,44,1,0
BRF:90
BRH:0
end_of_record
TN:
SF:src\components\settings\NotificationSettings.tsx
FN:23,(anonymous_0)
FN:36,(anonymous_1)
FN:43,(anonymous_2)
FN:49,(anonymous_3)
FN:239,(anonymous_4)
FNF:5
FNH:0
FNDA:0,(anonymous_0)
FNDA:0,(anonymous_1)
FNDA:0,(anonymous_2)
FNDA:0,(anonymous_3)
FNDA:0,(anonymous_4)
DA:23,0
DA:32,0
DA:34,0
DA:36,0
DA:37,0
DA:38,0
DA:39,0
DA:40,0
DA:43,0
DA:44,0
DA:45,0
DA:46,0
DA:49,0
DA:50,0
DA:52,0
DA:54,0
DA:56,0
DA:60,0
DA:62,0
DA:63,0
DA:74,0
DA:240,0
LF:22
LH:0
BRDA:50,0,0,0
BRDA:50,0,1,0
BRDA:50,0,2,0
BRDA:62,1,0,0
BRDA:62,1,1,0
BRDA:121,2,0,0
BRDA:121,2,1,0
BRDA:127,3,0,0
BRDA:127,3,1,0
BRDA:138,4,0,0
BRDA:138,4,1,0
BRDA:164,5,0,0
BRDA:164,5,1,0
BRDA:173,6,0,0
BRDA:173,6,1,0
BRDA:179,7,0,0
BRDA:179,7,1,0
BRDA:227,8,0,0
BRDA:227,8,1,0
BRF:19
BRH:0
end_of_record
TN:
[...]
FN:57,(anonymous_4)
FN:65,(anonymous_5)
FN:68,(anonymous_6)
FN:91,(anonymous_7)
FN:100,(anonymous_8)
FN:119,(anonymous_9)
FN:135,(anonymous_10)
FN:174,(anonymous_11)
FN:206,(anonymous_12)
FN:211,(anonymous_13)
FNF:14
FNH:0
FNDA:0,(anonymous_0)
FNDA:0,(anonymous_1)
FNDA:0,(anonymous_2)
FNDA:0,(anonymous_3)
FNDA:0,(anonymous_4)
FNDA:0,(anonymous_5)
FNDA:0,(anonymous_6)
FNDA:0,(anonymous_7)
FNDA:0,(anonymous_8)
FNDA:0,(anonymous_9)
FNDA:0,(anonymous_10)
FNDA:0,(anonymous_11)
FNDA:0,(anonymous_12)
FNDA:0,(anonymous_13)
DA:7,0
DA:12,0
DA:14,0
DA:15,0
DA:18,0
DA:23,0
DA:24,0
DA:27,0
DA:28,0
DA:32,0
DA:43,0
DA:45,0
DA:47,0
DA:49,0
DA:50,0
DA:51,0
DA:54,0
DA:57,0
DA:65,0
DA:68,0
DA:79,0
DA:85,0
DA:86,0
DA:92,0
DA:101,0
DA:102,0
DA:104,0
DA:109,0
DA:111,0
DA:113,0
DA:114,0
DA:117,0
DA:119,0
DA:129,0
DA:130,0
DA:136,0
DA:137,0
DA:139,0
DA:140,0
DA:142,0
DA:146,0
DA:148,0
DA:150,0
DA:151,0
DA:154,0
DA:156,0
DA:157,0
DA:160,0
DA:168,0
DA:169,0
DA:175,0
DA:176,0
DA:178,0
DA:179,0
DA:181,0
DA:188,0
DA:189,0
DA:191,0
DA:193,0
DA:194,0
DA:197,0
DA:198,0
DA:200,0
DA:201,0
DA:207,0
DA:208,0
DA:210,0
DA:211,0
DA:214,0
DA:221,0
DA:222,0
DA:224,0
DA:226,0
DA:227,0
DA:230,0
DA:231,0
DA:233,0
DA:234,0
LF:78
LH:0
BRDA:14,0,0,0
BRDA:14,0,1,0
BRDA:14,1,0,0
BRDA:14,1,1,0
BRDA:22,2,0,0
BRDA:28,3,0,0
BRDA:28,3,1,0
BRDA:28,4,0,0
BRDA:28,4,1,0
BRDA:37,5,0,0
BRDA:37,5,1,0
BRDA:43,6,0,0
BRDA:43,6,1,0
BRDA:49,7,0,0
BRDA:49,7,1,0
BRDA:51,8,0,0
BRDA:51,8,1,0
BRDA:91,9,0,0
BRDA:113,10,0,0
BRDA:113,10,1,0
BRDA:139,11,0,0
BRDA:139,11,1,0
BRDA:140,12,0,0
BRDA:140,12,1,0
BRDA:150,13,0,0
BRDA:150,13,1,0
BRDA:156,14,0,0
BRDA:156,14,1,0
BRDA:174,15,0,0
BRDA:178,16,0,0
BRDA:178,16,1,0
BRDA:179,17,0,0
BRDA:179,17,1,0
BRDA:183,18,0,0
BRDA:183,18,1,0
BRDA:188,19,0,0
BRDA:188,19,1,0
BRDA:193,20,0,0
BRDA:193,20,1,0
BRDA:206,21,0,0
BRDA:211,22,0,0
BRDA:211,22,1,0
BRDA:211,23,0,0
BRDA:211,23,1,0
BRDA:216,24,0,0
BRDA:216,24,1,0
BRDA:217,25,0,0
BRDA:217,25,1,0
BRDA:218,26,0,0
BRDA:218,26,1,0
BRDA:221,27,0,0
BRDA:221,27,1,0
BRDA:226,28,0,0
BRDA:226,28,1,0
BRF:54
BRH:0
end_of_record
TN:
SF:src\services\openAIService.ts
FN:96,(anonymous_0)
FN:100,(anonymous_1)
FN:108,(anonymous_2)
FN:112,(anonymous_3)
FN:116,(anonymous_4)
FN:126,(anonymous_5)
FN:132,(anonymous_6)
FN:168,(anonymous_7)
FN:200,(anonymous_8)
FN:227,(anonymous_9)
FN:259,(anonymous_10)
FN:286,(anonymous_11)
FN:307,(anonymous_12)
FNF:13
FNH:0
FNDA:0,(anonymous_0)
FNDA:0,(anonymous_1)
FNDA:0,(anonymous_2)
FNDA:0,(anonymous_3)
FNDA:0,(anonymous_4)
FNDA:0,(anonymous_5)
FNDA:0,(anonymous_6)
FNDA:0,(anonymous_7)
FNDA:0,(anonymous_8)
FNDA:0,(anonymous_9)
FNDA:0,(anonymous_10)
FNDA:0,(anonymous_11)
FNDA:0,(anonymous_12)
DA:7,0
DA:93,0
DA:94,0
DA:97,0
DA:101,0
DA:102,0
DA:103,0
DA:104,0
DA:105,0
DA:109,0
DA:113,0
DA:117,0
DA:118,0
DA:120,0
DA:125,0
DA:126,0
DA:127,0
DA:129,0
DA:133,0
DA:153,0
DA:163,0
DA:164,0
DA:165,0
DA:169,0
DA:185,0
DA:195,0
DA:196,0
DA:197,0
DA:201,0
DA:212,0
DA:222,0
DA:223,0
DA:224,0
DA:228,0
DA:229,0
DA:244,0
DA:254,0
DA:255,0
DA:256,0
DA:260,0
DA:271,0
DA:281,0
DA:282,0
DA:283,0
DA:290,0
DA:291,0
DA:294,0
DA:306,0
DA:307,0
DA:308,0
DA:311,0
DA:312,0
DA:314,0
DA:315,0
DA:316,0
DA:317,0
DA:318,0
DA:319,0
DA:320,0
DA:321,0
DA:322,0
LF:61
LH:0
BRDA:7,0,0,0
BRDA:7,0,1,0
BRDA:101,1,0,0
BRDA:101,1,1,0
BRDA:102,2,0,0
BRDA:102,2,1,0
BRDA:104,3,0,0
BRDA:104,3,1,0
BRDA:117,4,0,0
BRDA:117,4,1,0
BRDA:125,5,0,0
BRDA:125,5,1,0
BRDA:127,6,0,0
BRDA:127,6,1,0
BRDA:165,7,0,0
BRDA:165,7,1,0
BRDA:172,8,0,0
BRDA:172,8,1,0
BRDA:173,9,0,0
BRDA:173,9,1,0
BRDA:174,10,0,0
BRDA:174,10,1,0
BRDA:175,11,0,0
BRDA:175,11,1,0
BRDA:176,12,0,0
BRDA:176,12,1,0
BRDA:177,13,0,0
BRDA:177,13,1,0
BRDA:178,14,0,0
BRDA:178,14,1,0
BRDA:179,15,0,0
BRDA:179,15,1,0
BRDA:180,16,0,0
BRDA:180,16,1,0
BRDA:234,17,0,0
BRDA:234,17,1,0
BRDA:235,18,0,0
BRDA:235,18,1,0
BRDA:236,19,0,0
BRDA:236,19,1,0
BRDA:237,20,0,0
BRDA:237,20,1,0
BRDA:238,21,0,0
BRDA:238,21,1,0
BRDA:239,22,0,0
BRDA:239,22,1,0
BRDA:263,23,0,0
BRDA:263,23,1,0
BRDA:266,24,0,0
BRDA:266,24,1,0
BRDA:288,25,0,0
BRDA:290,26,0,0
BRDA:290,26,1,0
BRDA:298,27,0,0
BRDA:298,27,1,0
BRDA:301,28,0,0
BRDA:301,28,1,0
BRDA:302,29,0,0
BRDA:302,29,1,0
BRDA:306,30,0,0
BRDA:306,30,1,0
BRDA:308,31,0,0
BRDA:308,31,1,0
BRDA:316,32,0,0
BRDA:316,32,1,0
BRDA:319,33,0,0
BRDA:319,33,1,0
BRDA:319,34,0,0
BRDA:319,34,1,0
BRDA:322,35,0,0
BRDA:322,35,1,0
BRF:71
BRH:0
end_of_record
TN:
SF:src\stores\apiKeyStore.ts
FN:49,(anonymous_0)
FN:53,(anonymous_1)
FN:63,(anonymous_2)
FN:71,(anonymous_3)
FN:83,(anonymous_4)
FN:90,(anonymous_5)
FN:97,(anonymous_6)
FN:103,(anonymous_7)
FN:109,(anonymous_8)
FN:119,(anonymous_9)
FN:135,(anonymous_10)
FN:142,(anonymous_11)
FN:144,(anonymous_12)
FN:146,(anonymous_13)
FN:154,(anonymous_14)
FN:159,(anonymous_15)
FNF:16
FNH:0
FNDA:0,(anonymous_0)
FNDA:0,(anonymous_1)
FNDA:0,(anonymous_2)
FNDA:0,(anonymous_3)
FNDA:0,(anonymous_4)
FNDA:0,(anonymous_5)
FNDA:0,(anonymous_6)
FNDA:0,(anonymous_7)
FNDA:0,(anonymous_8)
FNDA:0,(anonymous_9)
FNDA:0,(anonymous_10)
FNDA:0,(anonymous_11)
FNDA:0,(anonymous_12)
FNDA:0,(anonymous_13)
FNDA:0,(anonymous_14)
FNDA:0,(anonymous_15)
DA:7,0
DA:49,0
DA:50,0
DA:53,0
DA:54,0
DA:55,0
DA:56,0
DA:58,0
DA:59,0
DA:63,0
DA:64,0
DA:65,0
DA:67,0
DA:71,0
DA:72,0
DA:73,0
DA:75,0
DA:83,0
DA:91,0
DA:92,0
DA:93,0
DA:94,0
DA:98,0
DA:99,0
DA:100,0
DA:104,0
DA:105,0
DA:106,0
DA:110,0
DA:111,0
DA:116,0
DA:120,0
DA:126,0
DA:132,0
DA:136,0
DA:142,0
DA:144,0
DA:147,0
DA:148,0
DA:155,0
DA:156,0
DA:159,0
DA:162,0
DA:163,0
LF:44
LH:0
BRDA:50,0,0,0
BRDA:50,0,1,0
BRDA:56,1,0,0
BRDA:56,1,1,0
BRDA:76,2,0,0
BRDA:76,2,1,0
BRDA:76,2,2,0
BRDA:76,2,3,0
BRDA:77,3,0,0
BRDA:77,3,1,0
BRDA:77,3,2,0
BRDA:77,3,3,0
BRDA:78,4,0,0
BRDA:78,4,1,0
BRDA:78,4,2,0
BRDA:78,4,3,0
BRDA:79,5,0,0
BRDA:79,5,1,0
BRDA:79,5,2,0
BRDA:79,5,3,0
BRDA:92,6,0,0
BRDA:92,6,1,0
BRDA:92,6,2,0
BRDA:135,7,0,0
BRDA:138,8,0,0
BRDA:138,8,1,0
BRDA:148,9,0,0
BRDA:148,9,1,0
BRDA:148,9,2,0
BRDA:148,9,3,0
BRDA:156,10,0,0
BRDA:156,10,1,0
BRDA:156,10,2,0
BRDA:159,11,0,0
BRDA:159,11,1,0
BRDA:162,12,0,0
BRDA:162,12,1,0
BRF:37
BRH:0
end_of_record
TN:
SF:src\stores\chatStore.ts
FN:34,(anonymous_0)
FN:38,(anonymous_1)
FN:56,(anonymous_2)
FN:64,(anonymous_3)
FN:65,(anonymous_4)
FN:66,(anonymous_5)
FN:81,(anonymous_6)
FN:83,(anonymous_7)
FN:86,(anonymous_8)
FN:90,(anonymous_9)
FN:91,(anonymous_10)
FN:92,(anonymous_11)
FN:100,(anonymous_12)
FN:104,(anonymous_13)
FN:105,(anonymous_14)
FN:106,(anonymous_15)
FNF:16
FNH:0
FNDA:0,(anonymous_0)
FNDA:0,(anonymous_1)
FNDA:0,(anonymous_2)
FNDA:0,(anonymous_3)
FNDA:0,(anonymous_4)
FNDA:0,(anonymous_5)
FNDA:0,(anonymous_6)
FNDA:0,(anonymous_7)
FNDA:0,(anonymous_8)
FNDA:0,(anonymous_9)
FNDA:0,(anonymous_10)
FNDA:0,(anonymous_11)
FNDA:0,(anonymous_12)
FNDA:0,(anonymous_13)
FNDA:0,(anonymous_14)
FNDA:0,(anonymous_15)
DA:32,0
DA:34,0
DA:39,0
DA:40,0
DA:56,0
DA:61,0
DA:65,0
DA:67,0
DA:82,0
DA:83,0
DA:87,0
DA:91,0
DA:92,0
DA:93,0
DA:96,0
DA:101,0
DA:105,0
DA:107,0
LF:18
LH:0
BRDA:67,0,0,0
BRDA:67,0,1,0
BRDA:72,1,0,0
BRDA:72,1,1,0
BRDA:72,2,0,0
BRDA:72,2,1,0
BRDA:73,3,0,0
BRDA:73,3,1,0
BRDA:93,4,0,0
BRDA:93,4,1,0
BRDA:94,5,0,0
BRDA:94,5,1,0
BRDA:107,6,0,0
BRDA:107,6,1,0
BRF:14
BRH:0
end_of_record
TN:
SF:src\stores\modelStore.ts
FN:90,(anonymous_0)
FN:95,(anonymous_1)
FN:103,(anonymous_2)
FN:104,(anonymous_3)
FN:112,(anonymous_4)
FN:119,(anonymous_5)
FN:120,(anonymous_6)
FN:140,(anonymous_7)
FN:144,(anonymous_8)
FN:152,(anonymous_9)
FNF:10
FNH:0
FNDA:0,(anonymous_0)
FNDA:0,(anonymous_1)
FNDA:0,(anonymous_2)
FNDA:0,(anonymous_3)
FNDA:0,(anonymous_4)
FNDA:0,(anonymous_5)
FNDA:0,(anonymous_6)
FNDA:0,(anonymous_7)
FNDA:0,(anonymous_8)
FNDA:0,(anonymous_9)
DA:25,0
DA:88,0
DA:90,0
DA:96,0
DA:97,0
DA:99,0
DA:104,0
DA:113,0
DA:114,0
DA:115,0
DA:116,0
DA:120,0
DA:121,0
DA:127,0
DA:141,0
DA:145,0
DA:146,0
DA:147,0
DA:152,0
LF:19
LH:0
BRDA:96,0,0,0
BRDA:96,0,1,0
BRDA:121,1,0,0
BRDA:121,1,1,0
BRF:4
BRH:0
end_of_record
TN:
SF:src\stores\notificationStore.ts
FN:41,(anonymous_0)
FN:47,(anonymous_1)
FN:48,(anonymous_2)
FN:49,(anonymous_3)
FN:51,(anonymous_4)
FN:73,(anonymous_5)
FN:80,(anonymous_6)
FN:81,(anonymous_7)
FN:118,(anonymous_8)
FN:120,(anonymous_9)
FN:128,(anonymous_10)
FNF:11
FNH:0
FNDA:0,(anonymous_0)
FNDA:0,(anonymous_1)
FNDA:0,(anonymous_2)
FNDA:0,(anonymous_3)
FNDA:0,(anonymous_4)
FNDA:0,(anonymous_5)
FNDA:0,(anonymous_6)
FNDA:0,(anonymous_7)
FNDA:0,(anonymous_8)
FNDA:0,(anonymous_9)
FNDA:0,(anonymous_10)
DA:39,0
DA:41,0
DA:47,0
DA:48,0
DA:49,0
DA:52,0
DA:53,0
DA:54,0
DA:56,0
DA:57,0
DA:59,0
DA:60,0
DA:61,0
DA:66,0
DA:68,0
DA:69,0
DA:74,0
DA:75,0
DA:76,0
DA:77,0
DA:79,0
DA:80,0
DA:81,0
DA:94,0
DA:95,0
DA:96,0
DA:102,0
DA:103,0
DA:105,0
DA:109,0
DA:110,0
DA:113,0
DA:114,0
DA:118,0
DA:121,0
DA:122,0
DA:128,0
DA:137,0
DA:138,0
LF:39
LH:0
BRDA:52,0,0,0
BRDA:52,0,1,0
BRDA:56,1,0,0
BRDA:56,1,1,0
BRDA:73,2,0,0
BRDA:75,3,0,0
BRDA:75,3,1,0
BRDA:75,4,0,0
BRDA:75,4,1,0
BRDA:94,5,0,0
BRDA:94,5,1,0
BRDA:94,6,0,0
BRDA:94,6,1,0
BRDA:121,7,0,0
BRDA:121,7,1,0
BRDA:137,8,0,0
BRDA:137,8,1,0
BRF:17
BRH:0
end_of_record
TN:
SF:src\stores\themeStore.ts
FN:19,(anonymous_0)
FN:26,(anonymous_1)
FN:30,(anonymous_2)
FN:35,(anonymous_3)
FN:43,(anonymous_4)
FN:52,(anonymous_5)
FNF:6
FNH:0
FNDA:0,(anonymous_0)
FNDA:0,(anonymous_1)
FNDA:0,(anonymous_2)
FNDA:0,(anonymous_3)
FNDA:0,(anonymous_4)
FNDA:0,(anonymous_5)
DA:19,0
DA:20,0
DA:21,0
DA:24,0
DA:26,0
DA:31,0
DA:32,0
DA:36,0
DA:37,0
DA:38,0
DA:43,0
DA:49,0
DA:50,0
DA:52,0
DA:53,0
LF:15
LH:0
BRDA:20,0,0,0
BRDA:20,0,1,0
BRDA:21,1,0,0
BRDA:21,1,1,0
BRDA:37,2,0,0
BRDA:37,2,1,0
BRDA:49,3,0,0
BRDA:49,3,1,0
BRF:8
BRH:0
end_of_record
TN:
SF:src\styles\animations.ts
FNF:0
FNH:0
DA:3,0
DA:8,0
DA:19,0
DA:30,0
DA:41,0
DA:52,0
DA:57,0
DA:62,0
DA:68,0
DA:72,0
DA:78,0
LF:11
LH:0
BRF:0
BRH:0
end_of_record
TN:
SF:src\styles\global.ts
FN:22,(anonymous_0)
FN:23,(anonymous_1)
FN:24,(anonymous_2)
FN:41,(anonymous_3)
FN:45,(anonymous_4)
FN:49,(anonymous_5)
FN:55,(anonymous_6)
FN:78,(anonymous_7)
FNF:8
FNH:0
FNDA:0,(anonymous_0)
FNDA:0,(anonymous_1)
FNDA:0,(anonymous_2)
FNDA:0,(anonymous_3)
FNDA:0,(anonymous_4)
FNDA:0,(anonymous_5)
FNDA:0,(anonymous_6)
FNDA:0,(anonymous_7)
DA:5,0
DA:22,0
DA:23,0
DA:24,0
DA:41,0
DA:45,0
DA:49,0
DA:55,0
DA:78,0
LF:9
LH:0
BRF:0
BRH:0
end_of_record
TN:
SF:src\styles\index.ts
FNF:0
FNH:0
LF:0
LH:0
BRF:0
BRH:0
end_of_record
TN:
SF:src\styles\theme.ts
FNF:0
FNH:0
DA:4,0
DA:94,0
DA:122,0
LF:3
LH:0
BRF:0
BRH:0
end_of_record
TN:
SF:src\types\ai.types.ts
FNF:0
FNH:0
LF:0
LH:0
BRF:0
BRH:0
end_of_record
TN:
SF:src\types\map.ts
FNF:0
FNH:0
LF:0
LH:0
BRF:0
BRH:0
end_of_record
TN:
SF:src\utils\api.ts
FN:18,(anonymous_0)
FN:27,(anonymous_1)
FN:36,(anonymous_2)
FN:43,(anonymous_3)
FN:91,(anonymous_4)
FN:101,(anonymous_5)
FN:109,(anonymous_6)
FNF:7
FNH:0
FNDA:0,(anonymous_0)
FNDA:0,(anonymous_1)
FNDA:0,(anonymous_2)
FNDA:0,(anonymous_3)
FNDA:0,(anonymous_4)
FNDA:0,(anonymous_5)
FNDA:0,(anonymous_6)
DA:5,0
DA:17,0
DA:19,0
DA:20,0
DA:21,0
DA:22,0
DA:23,0
DA:25,0
DA:28,0
DA:29,0
DA:35,0
DA:37,0
DA:38,0
DA:41,0
DA:44,0
DA:45,0
DA:46,0
DA:47,0
DA:49,0
DA:50,0
DA:54,0
DA:55,0
DA:56,0
DA:57,0
DA:58,0
DA:59,0
DA:66,0
DA:67,0
DA:68,0
DA:69,0
DA:70,0
DA:72,0
DA:73,0
DA:74,0
DA:75,0
DA:76,0
DA:77,0
DA:78,0
DA:79,0
DA:80,0
DA:81,0
DA:82,0
DA:85,0
DA:91,0
DA:97,0
DA:98,0
DA:99,0
DA:102,0
DA:103,0
DA:109,0
DA:110,0
DA:111,0
DA:113,0
DA:115,0
DA:116,0
DA:117,0
DA:118,0
DA:119,0
DA:121,0
DA:123,0
DA:124,0
DA:125,0
DA:126,0
DA:127,0
LF:64
LH:0
BRDA:20,0,0,0
BRDA:20,0,1,0
BRDA:22,1,0,0
BRDA:22,1,1,0
BRDA:28,2,0,0
BRDA:28,2,1,0
BRDA:37,3,0,0
BRDA:37,3,1,0
BRDA:47,4,0,0
BRDA:47,4,1,0
BRDA:47,4,2,0
BRDA:49,5,0,0
BRDA:49,5,1,0
BRDA:54,6,0,0
BRDA:54,6,1,0
BRDA:54,7,0,0
BRDA:54,7,1,0
BRDA:66,8,0,0
BRDA:66,8,1,0
BRDA:69,9,0,0
BRDA:69,9,1,0
BRDA:73,10,0,0
BRDA:73,10,1,0
BRDA:75,11,0,0
BRDA:75,11,1,0
BRDA:77,12,0,0
BRDA:77,12,1,0
BRDA:79,13,0,0
BRDA:79,13,1,0
BRDA:79,14,0,0
BRDA:79,14,1,0
BRDA:81,15,0,0
BRDA:81,15,1,0
BRDA:85,16,0,0
BRDA:85,16,1,0
BRDA:85,17,0,0
BRDA:85,17,1,0
BRDA:93,18,0,0
BRDA:94,19,0,0
BRDA:102,20,0,0
BRDA:102,20,1,0
BRDA:102,21,0,0
BRDA:102,21,1,0
BRDA:102,21,2,0
BRDA:111,22,0,0
BRDA:111,22,1,0
BRDA:118,23,0,0
BRDA:118,23,1,0
BRDA:126,24,0,0
BRDA:126,24,1,0
BRF:50
BRH:0
end_of_record
TN:
SF:src\utils\config.ts
FN:134,(anonymous_0)
FN:139,(anonymous_1)
FN:143,(anonymous_2)
FNF:3
FNH:0
FNDA:0,(anonymous_0)
FNDA:0,(anonymous_1)
FNDA:0,(anonymous_2)
DA:58,0
DA:134,0
DA:135,0
DA:139,0
DA:141,0
DA:142,0
DA:143,0
DA:149,0
LF:8
LH:0
BRDA:61,0,0,0
BRDA:61,0,1,0
BRDA:62,1,0,0
BRDA:62,1,1,0
BRDA:63,2,0,0
BRDA:63,2,1,0
BRDA:70,3,0,0
BRDA:70,3,1,0
BRDA:71,4,0,0
BRDA:71,4,1,0
BRDA:72,5,0,0
BRDA:72,5,1,0
BRDA:74,6,0,0
BRDA:74,6,1,0
BRDA:79,7,0,0
BRDA:79,7,1,0
BRDA:80,8,0,0
BRDA:80,8,1,0
BRDA:81,9,0,0
BRDA:81,9,1,0
BRDA:86,10,0,0
BRDA:86,10,1,0
BRDA:87,11,0,0
BRDA:87,11,1,0
BRDA:88,12,0,0
BRDA:88,12,1,0
BRDA:93,13,0,0
BRDA:93,13,1,0
BRDA:94,14,0,0
BRDA:94,14,1,0
BRDA:96,15,0,0
BRDA:96,15,1,0
BRDA:97,16,0,0
BRDA:97,16,1,0
BRDA:99,17,0,0
BRDA:99,17,1,0
BRDA:104,18,0,0
BRDA:104,18,1,0
BRDA:105,19,0,0
BRDA:105,19,1,0
BRDA:106,20,0,0
BRDA:106,20,1,0
BRDA:111,21,0,0
BRDA:111,21,1,0
BRDA:112,22,0,0
BRDA:112,22,1,0
BRDA:113,23,0,0
BRDA:113,23,1,0
BRDA:127,24,0,0
BRDA:127,24,1,0
BRDA:128,25,0,0
BRDA:128,25,1,0
BRDA:141,26,0,0
BRDA:141,26,1,0
BRF:54
BRH:0
end_of_record
TN:
SF:src\utils\constants.ts
FNF:0
FNH:0
DA:2,0
DA:25,0
DA:34,0
DA:42,0
DA:51,0
DA:62,0
DA:70,0
DA:79,0
LF:8
LH:0
BRF:0
BRH:0
end_of_record
TN:
SF:src\utils\env.ts
FN:2,getEnvVariable
FNF:1
FNH:0
FNDA:0,getEnvVariable
DA:4,0
DA:5,0
DA:9,0
DA:14,0
DA:17,0
LF:5
LH:0
BRDA:2,0,0,0
BRDA:4,1,0,0
BRDA:4,1,1,0
BRDA:4,2,0,0
BRDA:4,2,1,0
BRDA:4,2,2,0
BRDA:9,3,0,0
BRDA:9,3,1,0
BRDA:10,4,0,0
BRDA:10,4,1,0
BRDA:10,4,2,0
BRF:11
BRH:0
end_of_record
TN:
SF:src\utils\formatters.ts
FN:2,(anonymous_0)
FN:16,(anonymous_1)
FN:26,(anonymous_2)
FN:33,(anonymous_3)
FN:40,(anonymous_4)
FNF:5
FNH:0
FNDA:0,(anonymous_0)
FNDA:0,(anonymous_1)
FNDA:0,(anonymous_2)
FNDA:0,(anonymous_3)
FNDA:0,(anonymous_4)
DA:2,0
DA:3,0
DA:12,0
DA:16,0
DA:17,0
DA:26,0
DA:27,0
DA:28,0
DA:29,0
DA:33,0
DA:34,0
DA:35,0
DA:36,0
DA:40,0
DA:41,0
DA:42,0
DA:43,0
DA:44,0
DA:46,0
LF:19
LH:0
BRDA:2,0,0,0
BRDA:16,1,0,0
BRDA:26,2,0,0
BRDA:27,3,0,0
BRDA:27,3,1,0
BRDA:28,4,0,0
BRDA:28,4,1,0
BRDA:43,5,0,0
BRDA:43,5,1,0
BRF:9
BRH:0
end_of_record
TN:
SF:src\utils\imageUtils.ts
FN:47,(anonymous_0)
FN:77,(anonymous_1)
FN:78,(anonymous_2)
FN:81,(anonymous_3)
FN:82,(anonymous_4)
FN:89,(anonymous_5)
FN:90,(anonymous_6)
FN:94,(anonymous_7)
FN:99,(anonymous_8)
FN:111,(anonymous_9)
FN:119,(anonymous_10)
FN:124,(anonymous_11)
FN:140,(anonymous_12)
FN:148,(anonymous_13)
FN:155,(anonymous_14)
FN:170,(anonymous_15)
FN:171,(anonymous_16)
FN:194,(anonymous_17)
FN:204,(anonymous_18)
FN:213,(anonymous_19)
FN:227,(anonymous_20)
FN:235,(anonymous_21)
FN:240,(anonymous_22)
FN:264,(anonymous_23)
FN:272,(anonymous_24)
FN:290,(anonymous_25)
FNF:26
FNH:1
FNDA:0,(anonymous_0)
FNDA:0,(anonymous_1)
FNDA:0,(anonymous_2)
FNDA:0,(anonymous_3)
FNDA:0,(anonymous_4)
FNDA:0,(anonymous_5)
FNDA:0,(anonymous_6)
FNDA:0,(anonymous_7)
FNDA:0,(anonymous_8)
FNDA:0,(anonymous_9)
FNDA:0,(anonymous_10)
FNDA:0,(anonymous_11)
FNDA:0,(anonymous_12)
FNDA:0,(anonymous_13)
FNDA:0,(anonymous_14)
FNDA:0,(anonymous_15)
FNDA:0,(anonymous_16)
FNDA:0,(anonymous_17)
FNDA:0,(anonymous_18)
FNDA:0,(anonymous_19)
FNDA:0,(anonymous_20)
FNDA:0,(anonymous_21)
FNDA:0,(anonymous_22)
FNDA:0,(anonymous_23)
FNDA:0,(anonymous_24)
FNDA:1,(anonymous_25)
DA:47,2
DA:51,0
DA:53,0
DA:55,0
DA:56,0
DA:59,0
DA:60,0
DA:63,0
DA:64,0
DA:65,0
DA:68,0
DA:77,2
DA:78,0
DA:79,0
DA:80,0
DA:81,0
DA:82,0
DA:89,2
DA:90,0
DA:91,0
DA:92,0
DA:94,0
DA:95,0
DA:96,0
DA:99,0
DA:100,0
DA:101,0
DA:104,0
DA:111,2
DA:117,0
DA:119,0
DA:120,0
DA:121,0
DA:122,0
DA:124,0
DA:125,0
DA:127,0
DA:128,0
DA:129,0
DA:130,0
DA:133,0
DA:134,0
DA:135,0
DA:137,0
DA:140,0
DA:141,0
DA:148,2
DA:153,0
DA:155,0
DA:156,0
DA:157,0
DA:158,0
DA:160,0
DA:161,0
DA:162,0
DA:164,0
DA:166,0
DA:167,0
DA:168,0
DA:170,0
DA:171,0
DA:172,0
DA:173,0
DA:174,0
DA:175,0
DA:176,0
DA:178,0
DA:181,0
DA:184,0
DA:186,0
DA:194,2
DA:195,0
DA:196,0
DA:197,0
DA:198,0
DA:204,2
DA:205,0
DA:206,0
DA:207,0
DA:213,2
DA:214,0
DA:215,0
DA:221,0
DA:227,2
DA:233,0
DA:235,0
DA:236,0
DA:237,0
DA:238,0
DA:240,0
DA:241,0
DA:242,0
DA:244,0
DA:245,0
DA:246,0
DA:248,0
DA:249,0
DA:252,0
DA:253,0
DA:254,0
DA:255,0
DA:257,0
DA:258,0
DA:259,0
DA:261,0
DA:264,0
DA:265,0
DA:272,2
DA:273,0
DA:274,0
DA:275,0
DA:276,0
DA:277,0
DA:279,0
DA:280,0
DA:282,0
DA:283,0
DA:290,2
DA:291,1
DA:292,1
DA:293,1
DA:295,0
DA:296,0
LF:123
LH:14
BRDA:47,0,0,0
BRDA:49,1,0,0
BRDA:50,2,0,0
BRDA:55,3,0,0
BRDA:55,3,1,0
BRDA:59,4,0,0
BRDA:59,4,1,0
BRDA:59,5,0,0
BRDA:59,5,1,0
BRDA:63,6,0,0
BRDA:63,6,1,0
BRDA:111,7,0,0
BRDA:113,8,0,0
BRDA:114,9,0,0
BRDA:115,10,0,0
BRDA:116,11,0,0
BRDA:127,12,0,0
BRDA:127,12,1,0
BRDA:127,13,0,0
BRDA:127,13,1,0
BRDA:148,14,0,0
BRDA:150,15,0,0
BRDA:151,16,0,0
BRDA:152,17,0,0
BRDA:164,18,0,0
BRDA:164,18,1,0
BRDA:194,19,0,0
BRDA:205,20,0,0
BRDA:205,20,1,0
BRDA:221,21,0,0
BRDA:221,21,1,0
BRDA:227,22,0,0
BRDA:229,23,0,0
BRDA:230,24,0,0
BRDA:231,25,0,0
BRDA:232,26,0,0
BRDA:244,27,0,0
BRDA:244,27,1,0
BRDA:265,28,0,0
BRDA:265,28,1,0
BRDA:272,29,0,0
BRDA:275,30,0,0
BRDA:275,30,1,0
BRDA:293,31,0,0
BRDA:293,31,1,1
BRDA:293,32,0,1
BRDA:293,32,1,0
BRF:47
BRH:2
end_of_record
TN:
SF:src\utils\layout.ts
FNF:0
FNH:0
DA:6,0
DA:35,0
DA:36,0
DA:37,0
DA:38,0
DA:39,0
LF:6
LH:0
BRF:0
BRH:0
end_of_record
TN:
SF:src\utils\offline.ts
FN:4,(anonymous_0)
FN:7,(anonymous_1)
FN:8,(anonymous_2)
FN:9,(anonymous_3)
FN:14,(anonymous_4)
FN:23,(anonymous_5)
FNF:6
FNH:4
FNDA:5,(anonymous_0)
FNDA:5,(anonymous_1)
FNDA:0,(anonymous_2)
FNDA:0,(anonymous_3)
FNDA:5,(anonymous_4)
FNDA:1,(anonymous_5)
DA:4,1
DA:5,5
DA:7,5
DA:8,5
DA:9,5
DA:11,5
DA:12,5
DA:14,5
DA:15,5
DA:16,5
DA:20,5
DA:23,1
DA:24,1
DA:25,1
DA:26,1
DA:27,1
DA:28,1
DA:30,0
LF:18
LH:17
BRDA:24,0,0,1
BRDA:24,0,1,0
BRF:2
BRH:1
end_of_record
TN:
SF:src\utils\pwa.ts
FN:21,(anonymous_0)
FN:27,(anonymous_1)
FN:30,(anonymous_2)
FN:35,(anonymous_3)
FN:41,(anonymous_4)
FN:46,(anonymous_5)
FN:61,(anonymous_6)
FN:72,(anonymous_7)
FN:82,(anonymous_8)
FN:89,(anonymous_9)
FN:149,(anonymous_10)
FN:152,(anonymous_11)
FN:157,(anonymous_12)
FN:169,(anonymous_13)
FN:182,(anonymous_14)
FN:186,(anonymous_15)
FN:189,(anonymous_16)
FN:195,(anonymous_17)
FN:203,(anonymous_18)
FN:213,(anonymous_19)
FN:219,(anonymous_20)
FN:220,(anonymous_21)
FNF:22
FNH:0
FNDA:0,(anonymous_0)
FNDA:0,(anonymous_1)
FNDA:0,(anonymous_2)
FNDA:0,(anonymous_3)
FNDA:0,(anonymous_4)
FNDA:0,(anonymous_5)
FNDA:0,(anonymous_6)
FNDA:0,(anonymous_7)
FNDA:0,(anonymous_8)
FNDA:0,(anonymous_9)
FNDA:0,(anonymous_10)
FNDA:0,(anonymous_11)
FNDA:0,(anonymous_12)
FNDA:0,(anonymous_13)
FNDA:0,(anonymous_14)
FNDA:0,(anonymous_15)
FNDA:0,(anonymous_16)
FNDA:0,(anonymous_17)
FNDA:0,(anonymous_18)
FNDA:0,(anonymous_19)
FNDA:0,(anonymous_20)
FNDA:0,(anonymous_21)
DA:21,0
DA:26,0
DA:28,0
DA:29,0
DA:30,0
DA:31,0
DA:36,0
DA:41,0
DA:42,0
DA:43,0
DA:46,0
DA:47,0
DA:50,0
DA:61,0
DA:62,0
DA:72,0
DA:73,0
DA:82,0
DA:83,0
DA:89,0
DA:90,0
DA:92,0
DA:93,0
DA:103,0
DA:104,0
DA:114,0
DA:115,0
DA:125,0
DA:126,0
DA:136,0
DA:148,0
DA:150,0
DA:151,0
DA:152,0
DA:153,0
DA:158,0
DA:159,0
DA:160,0
DA:166,0
DA:170,0
DA:171,0
DA:172,0
DA:173,0
DA:181,0
DA:183,0
DA:187,0
DA:188,0
DA:189,0
DA:190,0
DA:191,0
DA:196,0
DA:197,0
DA:199,0
DA:204,0
DA:205,0
DA:206,0
DA:208,0
DA:209,0
DA:214,0
DA:215,0
DA:216,0
DA:218,0
DA:219,0
DA:220,0
DA:223,0
LF:65
LH:0
BRDA:29,0,0,0
BRDA:29,0,1,0
BRDA:63,1,0,0
BRDA:63,1,1,0
BRDA:63,1,2,0
BRDA:74,2,0,0
BRDA:74,2,1,0
BRDA:74,2,2,0
BRDA:83,3,0,0
BRDA:83,3,1,0
BRDA:92,4,0,0
BRDA:92,4,1,0
BRDA:103,5,0,0
BRDA:103,5,1,0
BRDA:114,6,0,0
BRDA:114,6,1,0
BRDA:125,7,0,0
BRDA:125,7,1,0
BRDA:150,8,0,0
BRDA:150,8,1,0
BRDA:158,9,0,0
BRDA:158,9,1,0
BRDA:158,10,0,0
BRDA:158,10,1,0
BRDA:163,11,0,0
BRDA:163,11,1,0
BRDA:163,12,0,0
BRDA:163,12,1,0
BRDA:170,13,0,0
BRDA:170,13,1,0
BRDA:206,14,0,0
BRDA:206,14,1,0
BRDA:215,15,0,0
BRDA:215,15,1,0
BRF:34
BRH:0
end_of_record
TN:
SF:src\utils\queryClient.ts
FNF:0
FNH:0
DA:3,0
LF:1
LH:0
BRF:0
BRH:0
end_of_record
